<?xml version="1.0" encoding="UTF-8" ?>
<testsuites disabled="0" errors="0" failures="3" tests="2" time="25">
 <testsuite name="addTodoController" timestamp="2018-04-03T00:22:57" hostname="localhost" time="0.025" errors="0" tests="2" skipped="0" disabled="0" failures="3">
  <testcase classname="addTodoController" name="ho" time="0.02">
   <failure type="exception" message="TypeError: jasmine.spyOn is not a function"><![CDATA[TypeError: jasmine.spyOn is not a function
    at UserContext.<anonymous> (D:\Mavric\FrontCamp\FrontCamp\UnitTests\test\Controllers\addTodoController.spec.js:12:21)
    at attempt (D:\Mavric\FrontCamp\FrontCamp\UnitTests\node_modules\gulp-jasmine\node_modules\jasmine-core\lib\jasmine-core\jasmine.js:4478:46)
    at QueueRunner.run (D:\Mavric\FrontCamp\FrontCamp\UnitTests\node_modules\gulp-jasmine\node_modules\jasmine-core\lib\jasmine-core\jasmine.js:4402:20)
    at QueueRunner.execute (D:\Mavric\FrontCamp\FrontCamp\UnitTests\node_modules\gulp-jasmine\node_modules\jasmine-core\lib\jasmine-core\jasmine.js:4384:10)
    at Spec.queueRunnerFactory (D:\Mavric\FrontCamp\FrontCamp\UnitTests\node_modules\gulp-jasmine\node_modules\jasmine-core\lib\jasmine-core\jasmine.js:964:35)
    at Spec.execute (D:\Mavric\FrontCamp\FrontCamp\UnitTests\node_modules\gulp-jasmine\node_modules\jasmine-core\lib\jasmine-core\jasmine.js:563:10)
    at UserContext.fn (D:\Mavric\FrontCamp\FrontCamp\UnitTests\node_modules\gulp-jasmine\node_modules\jasmine-core\lib\jasmine-core\jasmine.js:5541:37)
    at attempt (D:\Mavric\FrontCamp\FrontCamp\UnitTests\node_modules\gulp-jasmine\node_modules\jasmine-core\lib\jasmine-core\jasmine.js:4486:26)
    at QueueRunner.run (D:\Mavric\FrontCamp\FrontCamp\UnitTests\node_modules\gulp-jasmine\node_modules\jasmine-core\lib\jasmine-core\jasmine.js:4402:20)
    at QueueRunner.execute (D:\Mavric\FrontCamp\FrontCamp\UnitTests\node_modules\gulp-jasmine\node_modules\jasmine-core\lib\jasmine-core\jasmine.js:4384:10)]]>
   </failure>
  </testcase>
  <testcase classname="addTodoController" name="todoFactory.addTask has to be called" time="0.004">
   <failure type="exception" message="TypeError: jasmine.spyOn is not a function"><![CDATA[TypeError: jasmine.spyOn is not a function
    at UserContext.<anonymous> (D:\Mavric\FrontCamp\FrontCamp\UnitTests\test\Controllers\addTodoController.spec.js:12:21)
    at attempt (D:\Mavric\FrontCamp\FrontCamp\UnitTests\node_modules\gulp-jasmine\node_modules\jasmine-core\lib\jasmine-core\jasmine.js:4478:46)
    at QueueRunner.run (D:\Mavric\FrontCamp\FrontCamp\UnitTests\node_modules\gulp-jasmine\node_modules\jasmine-core\lib\jasmine-core\jasmine.js:4402:20)
    at QueueRunner.execute (D:\Mavric\FrontCamp\FrontCamp\UnitTests\node_modules\gulp-jasmine\node_modules\jasmine-core\lib\jasmine-core\jasmine.js:4384:10)
    at Spec.queueRunnerFactory (D:\Mavric\FrontCamp\FrontCamp\UnitTests\node_modules\gulp-jasmine\node_modules\jasmine-core\lib\jasmine-core\jasmine.js:964:35)
    at Spec.execute (D:\Mavric\FrontCamp\FrontCamp\UnitTests\node_modules\gulp-jasmine\node_modules\jasmine-core\lib\jasmine-core\jasmine.js:563:10)
    at UserContext.fn (D:\Mavric\FrontCamp\FrontCamp\UnitTests\node_modules\gulp-jasmine\node_modules\jasmine-core\lib\jasmine-core\jasmine.js:5541:37)
    at attempt (D:\Mavric\FrontCamp\FrontCamp\UnitTests\node_modules\gulp-jasmine\node_modules\jasmine-core\lib\jasmine-core\jasmine.js:4486:26)
    at QueueRunner.run (D:\Mavric\FrontCamp\FrontCamp\UnitTests\node_modules\gulp-jasmine\node_modules\jasmine-core\lib\jasmine-core\jasmine.js:4402:20)
    at runNext (D:\Mavric\FrontCamp\FrontCamp\UnitTests\node_modules\gulp-jasmine\node_modules\jasmine-core\lib\jasmine-core\jasmine.js:4446:20)]]>
   </failure>
   <failure type="exception" message="TypeError: Cannot read property &apos;name&apos; of undefined"><![CDATA[TypeError: Cannot read property 'name' of undefined
    at Object.addTask (D:\Mavric\FrontCamp\FrontCamp\UnitTests\src\Factories\todoFactory.js:9:582)
    at UserContext.<anonymous> (D:\Mavric\FrontCamp\FrontCamp\UnitTests\test\Controllers\addTodoController.spec.js:21:21)
    at attempt (D:\Mavric\FrontCamp\FrontCamp\UnitTests\node_modules\gulp-jasmine\node_modules\jasmine-core\lib\jasmine-core\jasmine.js:4478:46)
    at QueueRunner.run (D:\Mavric\FrontCamp\FrontCamp\UnitTests\node_modules\gulp-jasmine\node_modules\jasmine-core\lib\jasmine-core\jasmine.js:4402:20)
    at QueueRunner.execute (D:\Mavric\FrontCamp\FrontCamp\UnitTests\node_modules\gulp-jasmine\node_modules\jasmine-core\lib\jasmine-core\jasmine.js:4384:10)
    at Spec.queueRunnerFactory (D:\Mavric\FrontCamp\FrontCamp\UnitTests\node_modules\gulp-jasmine\node_modules\jasmine-core\lib\jasmine-core\jasmine.js:964:35)
    at Spec.execute (D:\Mavric\FrontCamp\FrontCamp\UnitTests\node_modules\gulp-jasmine\node_modules\jasmine-core\lib\jasmine-core\jasmine.js:563:10)
    at UserContext.fn (D:\Mavric\FrontCamp\FrontCamp\UnitTests\node_modules\gulp-jasmine\node_modules\jasmine-core\lib\jasmine-core\jasmine.js:5541:37)
    at attempt (D:\Mavric\FrontCamp\FrontCamp\UnitTests\node_modules\gulp-jasmine\node_modules\jasmine-core\lib\jasmine-core\jasmine.js:4486:26)
    at QueueRunner.run (D:\Mavric\FrontCamp\FrontCamp\UnitTests\node_modules\gulp-jasmine\node_modules\jasmine-core\lib\jasmine-core\jasmine.js:4402:20)]]>
   </failure>
  </testcase>
 </testsuite>
</testsuites>