TN:
SF:D:\Mavric\FrontCamp\FrontCamp\UnitTests\src\app.js
FN:18,(anonymous_0)
FN:47,bootstrap
FNF:2
FNH:2
FNDA:30,(anonymous_0)
FNDA:1,bootstrap
DA:1,1
DA:2,1
DA:3,1
DA:4,1
DA:5,1
DA:6,1
DA:7,1
DA:8,1
DA:9,1
DA:10,1
DA:11,1
DA:13,1
DA:14,1
DA:16,1
DA:19,30
DA:47,1
DA:48,1
LF:17
LH:17
BRF:0
BRH:0
end_of_record
TN:
SF:D:\Mavric\FrontCamp\FrontCamp\UnitTests\src\Components\Home\HomeController.js
FN:1,HomeController
FN:6,(anonymous_1)
FN:9,(anonymous_2)
FNF:3
FNH:3
FNDA:2,HomeController
FNDA:1,(anonymous_1)
FNDA:1,(anonymous_2)
DA:2,2
DA:3,2
DA:4,2
DA:6,2
DA:7,1
DA:9,2
DA:10,1
DA:15,1
LF:8
LH:8
BRF:0
BRH:0
end_of_record
TN:
SF:D:\Mavric\FrontCamp\FrontCamp\UnitTests\src\Controllers\addTodoController.js
FN:1,addTodoController
FN:4,(anonymous_1)
FNF:2
FNH:2
FNDA:1,addTodoController
FNDA:1,(anonymous_1)
DA:2,1
DA:3,1
DA:4,1
DA:5,1
DA:6,1
DA:13,1
LF:6
LH:6
BRF:0
BRH:0
end_of_record
TN:
SF:D:\Mavric\FrontCamp\FrontCamp\UnitTests\src\Controllers\editController.js
FN:1,editController
FN:7,(anonymous_1)
FN:8,(anonymous_2)
FNF:3
FNH:3
FNDA:1,editController
FNDA:1,(anonymous_1)
FNDA:1,(anonymous_2)
DA:2,1
DA:3,1
DA:5,1
DA:7,1
DA:8,1
DA:9,1
DA:15,1
LF:7
LH:7
BRF:0
BRH:0
end_of_record
TN:
SF:D:\Mavric\FrontCamp\FrontCamp\UnitTests\src\Components\TodoComponent\toDoComponent.js
FN:1,toDoController
FN:4,(anonymous_1)
FN:5,(anonymous_2)
FNF:3
FNH:3
FNDA:2,toDoController
FNDA:2,(anonymous_1)
FNDA:1,(anonymous_2)
DA:2,2
DA:4,2
DA:5,2
DA:6,1
DA:11,1
LF:5
LH:5
BRF:0
BRH:0
end_of_record
TN:
SF:D:\Mavric\FrontCamp\FrontCamp\UnitTests\src\Components\Pagination\PaginationComponent.js
FN:1,PaginationController
FN:5,(anonymous_1)
FN:9,(anonymous_2)
FNF:3
FNH:3
FNDA:3,PaginationController
FNDA:1,(anonymous_1)
FNDA:2,(anonymous_2)
DA:2,3
DA:3,3
DA:5,3
DA:6,1
DA:9,3
DA:11,2
DA:12,2
DA:13,1
DA:17,1
DA:21,1
LF:10
LH:10
BRDA:12,0,0,1
BRDA:12,0,1,1
BRDA:12,1,0,2
BRDA:12,1,1,2
BRF:4
BRH:4
end_of_record
TN:
SF:D:\Mavric\FrontCamp\FrontCamp\UnitTests\src\Components\Button\AddArticleComponent.js
FN:1,AddArticleController
FN:4,(anonymous_1)
FNF:2
FNH:2
FNDA:1,AddArticleController
FNDA:1,(anonymous_1)
DA:2,1
DA:4,1
DA:5,1
DA:9,1
LF:4
LH:4
BRF:0
BRH:0
end_of_record
TN:
SF:D:\Mavric\FrontCamp\FrontCamp\UnitTests\src\Directives\minLength.js
FN:1,MinLengthDirective
FN:4,(anonymous_1)
FN:5,lengthValidation
FNF:3
FNH:0
FNDA:0,MinLengthDirective
FNDA:0,(anonymous_1)
FNDA:0,lengthValidation
DA:2,0
DA:6,0
DA:9,0
DA:14,1
LF:4
LH:1
BRF:0
BRH:0
end_of_record
TN:
SF:D:\Mavric\FrontCamp\FrontCamp\UnitTests\src\Factories\paginationFactory.js
FN:1,PaginationFactory
FN:4,(anonymous_1)
FNF:2
FNH:2
FNDA:14,PaginationFactory
FNDA:10,(anonymous_1)
DA:2,14
DA:4,14
DA:6,10
DA:9,10
DA:12,10
DA:15,10
DA:17,6
DA:18,6
DA:21,4
DA:22,1
DA:23,1
DA:24,3
DA:25,2
DA:26,2
DA:28,1
DA:29,1
DA:34,10
DA:35,10
DA:38,10
DA:39,10
DA:40,71
DA:44,10
DA:57,14
DA:60,1
LF:24
LH:24
BRDA:6,0,0,10
BRDA:6,0,1,0
BRDA:9,1,0,10
BRDA:9,1,1,5
BRDA:15,2,0,6
BRDA:15,2,1,4
BRDA:21,3,0,1
BRDA:21,3,1,3
BRDA:24,4,0,2
BRDA:24,4,1,1
BRF:10
BRH:9
end_of_record
TN:
SF:D:\Mavric\FrontCamp\FrontCamp\UnitTests\src\Factories\requestFactory.js
FN:1,requestFactory
FN:9,(anonymous_1)
FN:13,(anonymous_2)
FN:17,(anonymous_3)
FN:19,(anonymous_4)
FN:26,(anonymous_5)
FN:28,(anonymous_6)
FN:34,(anonymous_7)
FNF:8
FNH:3
FNDA:14,requestFactory
FNDA:0,(anonymous_1)
FNDA:2,(anonymous_2)
FNDA:0,(anonymous_3)
FNDA:0,(anonymous_4)
FNDA:0,(anonymous_5)
FNDA:0,(anonymous_6)
FNDA:1,(anonymous_7)
DA:2,14
DA:3,14
DA:8,14
DA:10,0
DA:14,2
DA:18,0
DA:20,0
DA:21,0
DA:27,0
DA:29,0
DA:30,0
DA:35,1
DA:40,1
LF:13
LH:6
BRDA:20,0,0,0
BRDA:20,0,1,0
BRDA:29,1,0,0
BRDA:29,1,1,0
BRF:4
BRH:0
end_of_record
TN:
SF:D:\Mavric\FrontCamp\FrontCamp\UnitTests\src\Factories\todoFactory.js
FN:1,todoFactory
FN:3,getTasks
FN:6,getTaskById
FN:9,addTask
FN:21,removeTask
FN:24,(anonymous_5)
FNF:6
FNH:6
FNDA:14,todoFactory
FNDA:4,getTasks
FNDA:3,getTaskById
FNDA:1,addTask
FNDA:1,removeTask
FNDA:1,(anonymous_5)
DA:2,14
DA:4,4
DA:7,3
DA:10,1
DA:19,1
DA:22,1
DA:25,1
DA:30,1
LF:8
LH:8
BRF:0
BRH:0
end_of_record
