TN:
SF:D:\Mavric\FrontCamp\FrontCamp\UnitTests\src\Components\Button\AddArticleComponent.js
FN:1,AddArticleController
FN:4,(anonymous_1)
FNF:2
FNH:2
FNDA:1,AddArticleController
FNDA:1,(anonymous_1)
DA:2,1
DA:4,1
DA:5,1
DA:9,3
LF:4
LH:4
BRF:0
BRH:0
end_of_record
TN:
SF:D:\Mavric\FrontCamp\FrontCamp\UnitTests\src\Components\Home\HomeController.js
FN:1,HomeController
FN:6,(anonymous_1)
FN:9,(anonymous_2)
FNF:3
FNH:3
FNDA:2,HomeController
FNDA:1,(anonymous_1)
FNDA:1,(anonymous_2)
DA:2,2
DA:3,2
DA:4,2
DA:6,2
DA:7,1
DA:9,2
DA:10,1
DA:15,3
LF:8
LH:8
BRF:0
BRH:0
end_of_record
TN:
SF:D:\Mavric\FrontCamp\FrontCamp\UnitTests\src\Components\Pagination\PaginationComponent.js
FN:1,PaginationController
FN:5,(anonymous_1)
FN:9,(anonymous_2)
FNF:3
FNH:3
FNDA:3,PaginationController
FNDA:1,(anonymous_1)
FNDA:2,(anonymous_2)
DA:2,3
DA:3,3
DA:5,3
DA:6,1
DA:9,3
DA:11,2
DA:12,2
DA:13,1
DA:17,1
DA:21,3
LF:10
LH:10
BRDA:12,0,0,1
BRDA:12,0,1,1
BRDA:12,1,0,2
BRDA:12,1,1,2
BRF:4
BRH:4
end_of_record
TN:
SF:D:\Mavric\FrontCamp\FrontCamp\UnitTests\src\Components\TodoComponent\toDoComponent.js
FN:1,toDoController
FN:4,(anonymous_1)
FN:5,(anonymous_2)
FNF:3
FNH:3
FNDA:2,toDoController
FNDA:2,(anonymous_1)
FNDA:1,(anonymous_2)
DA:2,2
DA:4,2
DA:5,2
DA:6,1
DA:11,3
LF:5
LH:5
BRF:0
BRH:0
end_of_record
TN:
SF:D:\Mavric\FrontCamp\FrontCamp\UnitTests\src\Controllers\addTodoController.js
FN:1,addTodoController
FN:4,(anonymous_1)
FNF:2
FNH:2
FNDA:1,addTodoController
FNDA:1,(anonymous_1)
DA:2,1
DA:3,1
DA:4,1
DA:5,1
DA:6,1
DA:13,3
LF:6
LH:6
BRF:0
BRH:0
end_of_record
TN:
SF:D:\Mavric\FrontCamp\FrontCamp\UnitTests\src\Controllers\editController.js
FN:1,editController
FN:7,(anonymous_1)
FN:8,(anonymous_2)
FNF:3
FNH:3
FNDA:1,editController
FNDA:1,(anonymous_1)
FNDA:1,(anonymous_2)
DA:2,1
DA:3,1
DA:5,1
DA:7,1
DA:8,1
DA:9,1
DA:15,3
LF:7
LH:7
BRF:0
BRH:0
end_of_record
TN:
SF:D:\Mavric\FrontCamp\FrontCamp\UnitTests\src\Directives\minLength.js
FN:1,MinLengthDirective
FN:4,(anonymous_1)
FN:5,lengthValidation
FNF:3
FNH:0
FNDA:0,MinLengthDirective
FNDA:0,(anonymous_1)
FNDA:0,lengthValidation
DA:2,0
DA:6,0
DA:9,0
DA:14,3
LF:4
LH:1
BRF:0
BRH:0
end_of_record
TN:
SF:D:\Mavric\FrontCamp\FrontCamp\UnitTests\src\Factories\paginationFactory.js
FN:1,PaginationFactory
FN:4,(anonymous_1)
FNF:2
FNH:2
FNDA:14,PaginationFactory
FNDA:10,(anonymous_1)
DA:2,14
DA:4,14
DA:6,10
DA:9,10
DA:12,10
DA:15,10
DA:17,6
DA:18,6
DA:21,4
DA:22,1
DA:23,1
DA:24,3
DA:25,2
DA:26,2
DA:28,1
DA:29,1
DA:34,10
DA:35,10
DA:38,10
DA:39,10
DA:40,71
DA:44,10
DA:57,14
DA:60,3
LF:24
LH:24
BRDA:6,0,0,10
BRDA:6,0,1,0
BRDA:9,1,0,10
BRDA:9,1,1,5
BRDA:15,2,0,6
BRDA:15,2,1,4
BRDA:21,3,0,1
BRDA:21,3,1,3
BRDA:24,4,0,2
BRDA:24,4,1,1
BRF:10
BRH:9
end_of_record
TN:
SF:D:\Mavric\FrontCamp\FrontCamp\UnitTests\src\Factories\requestFactory.js
FN:1,requestFactory
FN:9,(anonymous_1)
FN:13,(anonymous_2)
FN:17,(anonymous_3)
FN:19,(anonymous_4)
FN:26,(anonymous_5)
FN:28,(anonymous_6)
FN:34,(anonymous_7)
FNF:8
FNH:3
FNDA:14,requestFactory
FNDA:0,(anonymous_1)
FNDA:2,(anonymous_2)
FNDA:0,(anonymous_3)
FNDA:0,(anonymous_4)
FNDA:0,(anonymous_5)
FNDA:0,(anonymous_6)
FNDA:1,(anonymous_7)
DA:2,14
DA:3,14
DA:8,14
DA:10,0
DA:14,2
DA:18,0
DA:20,0
DA:21,0
DA:27,0
DA:29,0
DA:30,0
DA:35,1
DA:40,3
LF:13
LH:6
BRDA:20,0,0,0
BRDA:20,0,1,0
BRDA:29,1,0,0
BRDA:29,1,1,0
BRF:4
BRH:0
end_of_record
TN:
SF:D:\Mavric\FrontCamp\FrontCamp\UnitTests\src\Factories\todoFactory.js
FN:1,todoFactory
FN:3,getTasks
FN:6,getTaskById
FN:9,addTask
FN:21,removeTask
FN:24,(anonymous_5)
FNF:6
FNH:6
FNDA:14,todoFactory
FNDA:4,getTasks
FNDA:3,getTaskById
FNDA:1,addTask
FNDA:1,removeTask
FNDA:1,(anonymous_5)
DA:2,14
DA:4,4
DA:7,3
DA:10,1
DA:19,1
DA:22,1
DA:25,1
DA:30,3
LF:8
LH:8
BRF:0
BRH:0
end_of_record
TN:
SF:D:\Mavric\FrontCamp\FrontCamp\UnitTests\src\app.js
FN:18,(anonymous_0)
FNF:1
FNH:1
FNDA:30,(anonymous_0)
DA:1,2
DA:2,2
DA:3,2
DA:4,2
DA:5,2
DA:6,2
DA:7,2
DA:8,2
DA:9,2
DA:10,2
DA:11,2
DA:13,2
DA:14,2
DA:16,2
DA:19,30
LF:15
LH:15
BRF:0
BRH:0
end_of_record
TN:
SF:D:\Mavric\FrontCamp\FrontCamp\UnitTests\src\dist\main.js
FN:1,(anonymous_0)
FN:6,__webpack_require__
FN:37,(anonymous_2)
FN:48,(anonymous_3)
FN:50,getDefault
FN:51,getModuleExports
FN:57,(anonymous_6)
FN:68,(anonymous_7)
FN:74,(anonymous_8)
FN:94,(anonymous_9)
FN:110,bootstrap
FN:116,(anonymous_11)
FN:124,(anonymous_12)
FN:131,(anonymous_13)
FN:163,minErr
FN:165,(anonymous_15)
FN:174,(anonymous_16)
FN:337,(anonymous_17)
FN:354,(anonymous_18)
FN:357,(anonymous_19)
FN:360,(anonymous_20)
FN:364,(anonymous_21)
FN:367,(anonymous_22)
FN:412,isArrayLike
FN:469,forEach
FN:511,forEachSorted
FN:525,reverseParams
FN:526,(anonymous_27)
FN:539,nextUid
FN:549,setHashKey
FN:558,baseExtend
FN:610,extend
FN:633,merge
FN:639,toInt
FN:643,isNumberNaN
FN:649,inherit
FN:669,noop
FN:701,identity
FN:705,valueFn
FN:705,valueRef
FN:707,hasCustomToString
FN:724,isUndefined
FN:739,isDefined
FN:755,isObject
FN:766,isBlankObject
FN:783,isString
FN:804,isNumber
FN:819,isDate
FN:850,isFunction
FN:860,isRegExp
FN:872,isWindow
FN:877,isScope
FN:882,isFile
FN:887,isFormData
FN:892,isBlob
FN:897,isBoolean
FN:902,isPromiseLike
FN:908,isTypedArray
FN:912,isArrayBuffer
FN:917,(anonymous_59)
FN:924,(anonymous_60)
FN:944,isElement
FN:954,makeMap
FN:963,nodeName_
FN:967,includes
FN:971,arrayRemove
FN:1044,copy
FN:1060,(anonymous_67)
FN:1074,copyRecurse
FN:1105,copyElement
FN:1138,copyType
FN:1248,equals
FN:1290,(anonymous_72)
FN:1314,noUnsafeEval
FN:1363,(anonymous_74)
FN:1379,concat
FN:1383,sliceArgs
FN:1405,bind
FN:1409,(anonymous_78)
FN:1414,(anonymous_79)
FN:1426,toJsonReplacer
FN:1479,toJson
FN:1500,fromJson
FN:1508,timezoneToOffset
FN:1517,addDateMinutes
FN:1524,convertTimezoneToLocal
FN:1535,startingTag
FN:1547,(anonymous_87)
FN:1565,tryDecodeURIComponent
FN:1578,parseKeyValue
FN:1580,(anonymous_90)
FN:1605,toKeyValue
FN:1607,(anonymous_92)
FN:1609,(anonymous_93)
FN:1633,encodeUriSegment
FN:1652,encodeUriQuery
FN:1664,getNgAttribute
FN:1675,allowAutoBootstrap
FN:1839,angularInit
FN:1845,(anonymous_99)
FN:1853,(anonymous_100)
FN:1932,bootstrap
FN:1938,(anonymous_102)
FN:1951,(anonymous_103)
FN:1957,(anonymous_104)
FN:1965,bootstrapApply
FN:1966,(anonymous_106)
FN:1988,(anonymous_107)
FN:1989,(anonymous_108)
FN:2010,reloadWithDebugInfo
FN:2023,getTestability
FN:2033,snake_case
FN:2035,(anonymous_112)
FN:2041,bindJQuery
FN:2072,(anonymous_114)
FN:2095,assertArg
FN:2102,assertArgFn
FN:2117,assertNotHasOwnProperty
FN:2131,getter
FN:2155,getBlockNodes
FN:2185,createMap
FN:2189,stringify
FN:2226,setupModuleLoader
FN:2231,ensure
FN:2240,(anonymous_124)
FN:2295,module
FN:2296,(anonymous_126)
FN:2306,(anonymous_127)
FN:2535,(anonymous_128)
FN:2553,invokeLater
FN:2555,(anonymous_130)
FN:2566,invokeLaterAndSetModuleName
FN:2568,(anonymous_132)
FN:2587,shallowCopy
FN:2609,serializeObject
FN:2612,(anonymous_135)
FN:2624,toDebugString
FN:2759,publishExternalAPI
FN:2799,ngModule
FN:3030,(anonymous_139)
FN:3035,jqNextId
FN:3048,cssKebabToCamel
FN:3052,fnCamelCaseReplace
FN:3060,kebabToCamel
FN:3085,jqLiteIsTextNode
FN:3089,jqLiteAcceptsData
FN:3096,jqLiteHasData
FN:3103,jqLiteCleanData
FN:3109,jqLiteBuildFragment
FN:3139,(anonymous_149)
FN:3146,jqLiteParseHTML
FN:3161,jqLiteWrapNode
FN:3173,(anonymous_152)
FN:3179,JQLite
FN:3206,jqLiteClone
FN:3210,jqLiteDealoc
FN:3221,jqLiteOff
FN:3239,(anonymous_157)
FN:3250,(anonymous_158)
FN:3259,jqLiteRemoveData
FN:3281,jqLiteExpandoStore
FN:3294,jqLiteData
FN:3323,jqLiteHasClass
FN:3329,jqLiteRemoveClass
FN:3331,(anonymous_164)
FN:3341,jqLiteAddClass
FN:3346,(anonymous_166)
FN:3358,jqLiteAddNodes
FN:3384,jqLiteController
FN:3388,jqLiteInheritedData
FN:3408,jqLiteEmpty
FN:3415,jqLiteRemove
FN:3422,jqLiteDocumentLoaded
FN:3435,jqLiteReady
FN:3436,trigger
FN:3461,(anonymous_175)
FN:3463,(anonymous_176)
FN:3467,(anonymous_177)
FN:3483,(anonymous_178)
FN:3487,(anonymous_179)
FN:3499,getBooleanAttrName
FN:3507,getAliasedAttrName
FN:3516,(anonymous_182)
FN:3524,(anonymous_183)
FN:3529,(anonymous_184)
FN:3536,(anonymous_185)
FN:3540,(anonymous_186)
FN:3546,(anonymous_187)
FN:3556,(anonymous_188)
FN:3588,(anonymous_189)
FN:3596,(anonymous_190)
FN:3600,getText
FN:3609,(anonymous_192)
FN:3613,(anonymous_193)
FN:3625,(anonymous_194)
FN:3634,(anonymous_195)
FN:3638,(anonymous_196)
FN:3685,createEventHandler
FN:3686,(anonymous_198)
FN:3688,(anonymous_199)
FN:3699,(anonymous_200)
FN:3712,(anonymous_201)
FN:3737,defaultHandlerWrapper
FN:3741,specialMouseHandlerWrapper
FN:3761,jqLiteOn
FN:3781,(anonymous_205)
FN:3808,(anonymous_206)
FN:3814,onFn
FN:3821,(anonymous_208)
FN:3824,(anonymous_209)
FN:3834,(anonymous_210)
FN:3836,(anonymous_211)
FN:3844,(anonymous_212)
FN:3848,(anonymous_213)
FN:3860,(anonymous_214)
FN:3863,(anonymous_215)
FN:3869,(anonymous_216)
FN:3875,(anonymous_217)
FN:3879,(anonymous_218)
FN:3896,(anonymous_219)
FN:3898,(anonymous_220)
FN:3908,(anonymous_221)
FN:3913,(anonymous_222)
FN:3917,(anonymous_223)
FN:3927,(anonymous_224)
FN:3938,(anonymous_225)
FN:3939,(anonymous_226)
FN:3940,(anonymous_227)
FN:3941,(anonymous_228)
FN:3956,(anonymous_229)
FN:3963,(anonymous_230)
FN:3967,(anonymous_231)
FN:3992,$$jqLiteProvider
FN:3993,$$jqLite
FN:3995,(anonymous_234)
FN:3999,(anonymous_235)
FN:4003,(anonymous_236)
FN:4023,hashKey
FN:4046,HashMap
FN:4049,(anonymous_239)
FN:4061,(anonymous_240)
FN:4069,(anonymous_241)
FN:4077,(anonymous_242)
FN:4084,(anonymous_243)
FN:4085,(anonymous_244)
FN:4160,stringifyFn
FN:4168,extractArgs
FN:4174,anonFn
FN:4184,annotate
FN:4201,(anonymous_249)
FN:4202,(anonymous_250)
FN:4734,createInjector
FN:4751,(anonymous_252)
FN:4759,(anonymous_253)
FN:4770,(anonymous_254)
FN:4778,supportObject
FN:4779,(anonymous_256)
FN:4788,provider
FN:4799,enforceReturnValue
FN:4800,enforcedReturnValue
FN:4809,factory
FN:4815,service
FN:4816,(anonymous_262)
FN:4821,value
FN:4823,constant
FN:4829,decorator
FN:4833,(anonymous_266)
FN:4842,loadModules
FN:4845,(anonymous_268)
FN:4849,runInvokeQueue
FN:4895,createInternalInjector
FN:4897,getService
FN:4922,injectionArgs
FN:4938,isClass
FN:4953,invoke
FN:4975,instantiate
FN:4991,(anonymous_276)
FN:5009,$AnchorScrollProvider
FN:5026,(anonymous_278)
FN:5171,(anonymous_279)
FN:5177,getFirstAnchor
FN:5179,(anonymous_281)
FN:5188,getYOffset
FN:5209,scrollTo
FN:5237,scroll
FN:5258,autoScrollWatch
FN:5259,autoScrollWatchAction
FN:5263,(anonymous_287)
FN:5277,mergeClasses
FN:5286,extractElementNode
FN:5295,splitClasses
FN:5303,(anonymous_291)
FN:5320,prepareAnimateOptions
FN:5326,(anonymous_293)
FN:5332,(anonymous_294)
FN:5337,(anonymous_295)
FN:5344,(anonymous_296)
FN:5371,updateData
FN:5376,(anonymous_298)
FN:5386,handleCSSClassChanges
FN:5387,(anonymous_300)
FN:5393,(anonymous_301)
FN:5404,(anonymous_302)
FN:5419,addRemoveClassesPostDigest
FN:5450,(anonymous_304)
FN:5494,(anonymous_305)
FN:5518,(anonymous_306)
FN:5531,(anonymous_307)
FN:5532,domInsert
FN:5688,(anonymous_309)
FN:5718,(anonymous_310)
FN:5750,(anonymous_311)
FN:5777,(anonymous_312)
FN:5778,(anonymous_313)
FN:5807,(anonymous_314)
FN:5837,(anonymous_315)
FN:5868,(anonymous_316)
FN:5915,(anonymous_317)
FN:5928,(anonymous_318)
FN:5929,(anonymous_319)
FN:5932,waitForTick
FN:5935,(anonymous_321)
FN:5943,(anonymous_322)
FN:5945,(anonymous_323)
FN:5948,(anonymous_324)
FN:5959,(anonymous_325)
FN:5961,(anonymous_326)
FN:5967,(anonymous_327)
FN:5971,next
FN:5977,(anonymous_329)
FN:5988,(anonymous_330)
FN:5991,(anonymous_331)
FN:5995,onProgress
FN:6003,AnimateRunner
FN:6007,(anonymous_334)
FN:6012,(anonymous_335)
FN:6023,(anonymous_336)
FN:6027,(anonymous_337)
FN:6037,(anonymous_338)
FN:6040,(anonymous_339)
FN:6041,(anonymous_340)
FN:6053,(anonymous_341)
FN:6057,(anonymous_342)
FN:6061,(anonymous_343)
FN:6065,(anonymous_344)
FN:6071,(anonymous_345)
FN:6077,(anonymous_346)
FN:6084,(anonymous_347)
FN:6091,(anonymous_348)
FN:6095,(anonymous_349)
FN:6101,(anonymous_350)
FN:6103,(anonymous_351)
FN:6130,(anonymous_352)
FN:6131,(anonymous_353)
FN:6133,(anonymous_354)
FN:6161,run
FN:6162,(anonymous_356)
FN:6172,applyAnimationContents
FN:6213,Browser
FN:6228,(anonymous_359)
FN:6234,completeOutstandingRequest
FN:6251,getHash
FN:6262,(anonymous_362)
FN:6278,getCurrentState
FN:6309,(anonymous_364)
FN:6382,(anonymous_365)
FN:6389,cacheStateAndFireUrlChange
FN:6397,cacheState
FN:6409,fireUrlChange
FN:6416,(anonymous_369)
FN:6442,(anonymous_370)
FN:6467,(anonymous_371)
FN:6491,(anonymous_372)
FN:6510,(anonymous_373)
FN:6513,(anonymous_374)
FN:6532,(anonymous_375)
FN:6545,$BrowserProvider
FN:6547,(anonymous_377)
FN:6634,$CacheFactoryProvider
FN:6636,(anonymous_379)
FN:6639,cacheFactory
FN:6711,(anonymous_381)
FN:6740,(anonymous_382)
FN:6763,(anonymous_383)
FN:6791,(anonymous_384)
FN:6808,(anonymous_385)
FN:6832,(anonymous_386)
FN:6841,refresh
FN:6860,link
FN:6878,(anonymous_389)
FN:6880,(anonymous_390)
FN:6897,(anonymous_391)
FN:6952,$TemplateCacheProvider
FN:6953,(anonymous_393)
FN:7915,UNINITIALIZED_VALUE
FN:7926,$CompileProvider
FN:7940,parseIsolateBindings
FN:7945,(anonymous_397)
FN:7975,parseDirectiveBindings
FN:8003,assertValidDirectiveName
FN:8015,getDirectiveRequire
FN:8019,(anonymous_401)
FN:8029,getDirectiveRestrict
FN:8055,registerDirective
FN:8064,(anonymous_404)
FN:8066,(anonymous_405)
FN:8181,registerComponent
FN:8182,(anonymous_407)
FN:8184,factory
FN:8185,makeInjectable
FN:8187,(anonymous_410)
FN:8209,(anonymous_411)
FN:8223,(anonymous_412)
FN:8257,(anonymous_413)
FN:8287,(anonymous_414)
FN:8319,(anonymous_415)
FN:8348,(anonymous_416)
FN:8378,(anonymous_417)
FN:8406,(anonymous_418)
FN:8435,(anonymous_419)
FN:8447,(anonymous_420)
FN:8463,flushOnChangesQueue
FN:8471,(anonymous_422)
FN:8492,Attributes
FN:8538,(anonymous_424)
FN:8555,(anonymous_425)
FN:8573,(anonymous_426)
FN:8594,(anonymous_427)
FN:8682,(anonymous_428)
FN:8712,(anonymous_429)
FN:8718,(anonymous_430)
FN:8725,(anonymous_431)
FN:8731,setSpecialAttr
FN:8744,safeAddClass
FN:8758,denormalizeTemplate
FN:8764,$$addBindingInfo
FN:8776,$$addBindingClass
FN:8780,$$addScopeInfo
FN:8785,$$addScopeClass
FN:8789,(anonymous_439)
FN:8803,compile
FN:8814,publicLinkFn
FN:8880,detectNamespaceForChildElements
FN:8906,compileNodes
FN:8959,compositeLinkFn
FN:9015,mergeConsecutiveTextNodes
FN:9041,createBoundTranscludeFn
FN:9042,boundTranscludeFn
FN:9080,collectDirectives
FN:9111,(anonymous_449)
FN:9172,collectCommentDirectives
FN:9198,groupScan
FN:9230,groupElementsLinkFnWrapper
FN:9231,groupedElementsLink
FN:9248,compilationGenerator
FN:9254,lazyCompilation
FN:9291,applyDirectivesToNode
FN:9444,(anonymous_457)
FN:9462,(anonymous_458)
FN:9474,(anonymous_459)
FN:9600,addLinkFns
FN:9621,nodeLinkFn
FN:9646,(anonymous_462)
FN:9705,(anonymous_463)
FN:9713,(anonymous_464)
FN:9730,(anonymous_465)
FN:9734,callOnDestroyHook
FN:9776,(anonymous_467)
FN:9785,controllersBoundTransclude
FN:9822,getControllers
FN:9858,(anonymous_470)
FN:9866,setupControllers
FN:9900,markDirectiveScope
FN:9921,addDirective
FN:9957,directiveIsMultiElement
FN:9978,mergeTemplateAttributes
FN:9983,(anonymous_476)
FN:9997,(anonymous_477)
FN:10014,compileTemplateUrl
FN:10031,(anonymous_479)
FN:10071,(anonymous_480)
FN:10109,(anonymous_481)
FN:10115,delayedNodeLinkFn
FN:10136,byPriority
FN:10143,assertNoDuplicate
FN:10145,wrapModuleNameIfDefined
FN:10159,addTextInterpolateDirective
FN:10164,textInterpolateCompileFn
FN:10172,textInterpolateLinkFn
FN:10176,interpolateFnWatchAction
FN:10186,wrapTemplate
FN:10200,getTrustedContext
FN:10222,addAttrInterpolateDirective
FN:10246,(anonymous_493)
FN:10248,attrInterpolatePreLinkFn
FN:10272,interpolateFnWatchAction
FN:10302,replaceWith
FN:10370,cloneAndAnnotateFn
FN:10371,(anonymous_498)
FN:10375,invokeLinkFn
FN:10385,initializeDirectiveBindings
FN:10389,initializeBinding
FN:10402,(anonymous_502)
FN:10436,simpleCompare
FN:10438,(anonymous_504)
FN:10446,parentValueWatch
FN:10482,parentValueWatchAction
FN:10503,(anonymous_507)
FN:10510,recordChanges
FN:10533,triggerOnChangesHook
FN:10541,removeWatches
FN:10551,SimpleChange
FN:10555,(anonymous_512)
FN:10565,directiveNormalize
FN:10621,nodesetLinkingFn
FN:10629,directiveLinkingFn
FN:10631,tokenDifference
FN:10647,removeComments
FN:10669,identifierForController
FN:10690,$ControllerProvider
FN:10699,(anonymous_520)
FN:10711,(anonymous_521)
FN:10730,(anonymous_522)
FN:10735,(anonymous_523)
FN:10764,$controller
FN:10819,$controllerInit
FN:10844,addIdentifier
FN:10882,$DocumentProvider
FN:10883,(anonymous_528)
FN:10894,$$IsDocumentHiddenProvider
FN:10895,(anonymous_530)
FN:10901,(anonymous_531)
FN:10905,changeListener
FN:10909,(anonymous_533)
FN:10959,$ExceptionHandlerProvider
FN:10960,(anonymous_535)
FN:10961,(anonymous_536)
FN:10967,(anonymous_537)
FN:10968,(anonymous_538)
FN:10969,(anonymous_539)
FN:11000,serializeValue
FN:11009,$HttpParamSerializerProvider
FN:11026,(anonymous_542)
FN:11027,ngParamSerializer
FN:11030,(anonymous_544)
FN:11033,(anonymous_545)
FN:11047,$HttpParamSerializerJQLikeProvider
FN:11092,(anonymous_547)
FN:11093,jQueryLikeParamSerializer
FN:11099,serialize
FN:11102,(anonymous_550)
FN:11106,(anonymous_551)
FN:11120,defaultHttpResponseTransform
FN:11136,isJsonLike
FN:11147,parseHeaders
FN:11150,fillInParsed
FN:11157,(anonymous_556)
FN:11162,(anonymous_557)
FN:11183,headersGetter
FN:11186,(anonymous_559)
FN:11213,transformData
FN:11218,(anonymous_561)
FN:11226,isSuccess
FN:11239,$HttpProvider
FN:11281,(anonymous_564)
FN:11323,(anonymous_565)
FN:11347,(anonymous_566)
FN:11364,(anonymous_567)
FN:11909,$http
FN:11939,(anonymous_569)
FN:11956,chainInterceptors
FN:11969,completeOutstandingRequest
FN:11973,executeHeaderFns
FN:11976,(anonymous_573)
FN:11990,mergeHeaders
FN:12015,serverRequest
FN:12021,(anonymous_576)
FN:12036,transformResponse
FN:12183,createShortMethods
FN:12184,(anonymous_579)
FN:12185,(anonymous_580)
FN:12195,createShortMethodsWithData
FN:12196,(anonymous_582)
FN:12197,(anonymous_583)
FN:12214,sendReq
FN:12288,createApplyHandlers
FN:12291,(anonymous_586)
FN:12292,(anonymous_587)
FN:12301,callEventHandler
FN:12317,done
FN:12327,resolveHttpPromise
FN:12343,resolvePromise
FN:12356,resolvePromiseWithResult
FN:12360,removePendingReq
FN:12367,buildUrl
FN:12374,sanitizeJsonpCallbackParam
FN:12416,$xhrFactoryProvider
FN:12417,(anonymous_597)
FN:12418,createXhr
FN:12442,$HttpBackendProvider
FN:12443,(anonymous_600)
FN:12448,createHttpBackend
FN:12450,(anonymous_602)
FN:12455,(anonymous_603)
FN:12466,(anonymous_604)
FN:12472,requestLoaded
FN:12496,(anonymous_606)
FN:12506,(anonymous_607)
FN:12510,(anonymous_608)
FN:12545,timeoutRequest
FN:12554,completeRequest
FN:12565,jsonpReq
FN:12575,(anonymous_612)
FN:12604,(anonymous_613)
FN:12611,(anonymous_614)
FN:12659,$InterpolateProvider
FN:12672,(anonymous_616)
FN:12690,(anonymous_617)
FN:12700,(anonymous_618)
FN:12706,escape
FN:12710,unescapeText
FN:12716,constantWatchDelegate
FN:12717,constantInterpolateWatch
FN:12842,$interpolate
FN:12899,(anonymous_624)
FN:12907,(anonymous_625)
FN:12913,interpolationFn
FN:12932,(anonymous_627)
FN:12934,interpolateFnWatcher
FN:12945,parseStringifyInterceptor
FN:12967,(anonymous_630)
FN:12983,(anonymous_631)
FN:12992,$IntervalProvider
FN:12994,(anonymous_633)
FN:13124,interval
FN:13136,tick
FN:13158,callback
FN:13178,(anonymous_637)
FN:13203,(anonymous_638)
FN:13204,(anonymous_639)
FN:13208,createCallback
FN:13209,(anonymous_641)
FN:13227,(anonymous_642)
FN:13243,(anonymous_643)
FN:13255,(anonymous_644)
FN:13266,(anonymous_645)
FN:13297,encodePath
FN:13308,parseAbsoluteUrl
FN:13317,parseAppUrl
FN:13339,startsWith
FN:13350,stripBaseUrl
FN:13357,stripHash
FN:13362,trimEmptyHash
FN:13367,stripFile
FN:13372,serverBase
FN:13386,LocationHtml5Url
FN:13397,(anonymous_656)
FN:13417,(anonymous_657)
FN:13425,(anonymous_658)
FN:13466,LocationHashbangUrl
FN:13476,(anonymous_660)
FN:13522,removeWindowsDriveName
FN:13550,(anonymous_662)
FN:13558,(anonymous_663)
FN:13578,LocationHashbangInHtml5Url
FN:13582,(anonymous_665)
FN:13606,(anonymous_666)
FN:13680,(anonymous_667)
FN:13785,(anonymous_668)
FN:13835,(anonymous_669)
FN:13846,(anonymous_670)
FN:13889,(anonymous_671)
FN:13901,(anonymous_672)
FN:13907,(anonymous_673)
FN:13929,(anonymous_674)
FN:13948,locationGetter
FN:13949,(anonymous_676)
FN:13955,locationGetterSetter
FN:13956,(anonymous_678)
FN:14003,$LocationProvider
FN:14019,(anonymous_680)
FN:14051,(anonymous_681)
FN:14115,(anonymous_682)
FN:14142,setBrowserUrlWithFallback
FN:14161,(anonymous_684)
FN:14217,(anonymous_685)
FN:14225,(anonymous_686)
FN:14253,$locationWatch
FN:14264,(anonymous_688)
FN:14294,afterLocationChange
FN:14347,$LogProvider
FN:14358,(anonymous_691)
FN:14367,(anonymous_692)
FN:14412,(anonymous_693)
FN:14415,(anonymous_694)
FN:14423,formatError
FN:14436,consoleLog
FN:14448,(anonymous_697)
FN:14450,(anonymous_698)
FN:14459,(anonymous_699)
FN:14496,getStringValue
FN:14516,(anonymous_701)
FN:14526,Lexer
FN:14533,(anonymous_703)
FN:14569,(anonymous_704)
FN:14573,(anonymous_705)
FN:14578,(anonymous_706)
FN:14582,(anonymous_707)
FN:14588,(anonymous_708)
FN:14594,(anonymous_709)
FN:14600,(anonymous_710)
FN:14606,(anonymous_711)
FN:14610,(anonymous_712)
FN:14616,(anonymous_713)
FN:14630,(anonymous_714)
FN:14634,(anonymous_715)
FN:14643,(anonymous_716)
FN:14676,(anonymous_717)
FN:14693,(anonymous_718)
FN:14735,AST
FN:14761,(anonymous_720)
FN:14774,(anonymous_721)
FN:14785,(anonymous_722)
FN:14789,(anonymous_723)
FN:14797,(anonymous_724)
FN:14801,(anonymous_725)
FN:14813,(anonymous_726)
FN:14827,(anonymous_727)
FN:14835,(anonymous_728)
FN:14843,(anonymous_729)
FN:14852,(anonymous_730)
FN:14861,(anonymous_731)
FN:14870,(anonymous_732)
FN:14879,(anonymous_733)
FN:14888,(anonymous_734)
FN:14926,(anonymous_735)
FN:14937,(anonymous_736)
FN:14947,(anonymous_737)
FN:14955,(anonymous_738)
FN:14960,(anonymous_739)
FN:14976,(anonymous_740)
FN:15017,(anonymous_741)
FN:15023,(anonymous_742)
FN:15035,(anonymous_743)
FN:15042,(anonymous_744)
FN:15046,(anonymous_745)
FN:15058,(anonymous_746)
FN:15073,ifDefined
FN:15077,plusFn
FN:15083,isStateless
FN:15088,findConstantAndWatchExpressions
FN:15095,(anonymous_751)
FN:15145,(anonymous_752)
FN:15164,(anonymous_753)
FN:15177,(anonymous_754)
FN:15198,getInputs
FN:15206,isAssignable
FN:15210,assignableAST
FN:15216,isLiteral
FN:15224,isConstant
FN:15228,ASTCompiler
FN:15234,(anonymous_761)
FN:15257,(anonymous_762)
FN:15300,(anonymous_763)
FN:15304,(anonymous_764)
FN:15313,(anonymous_765)
FN:15320,(anonymous_766)
FN:15323,(anonymous_767)
FN:15330,(anonymous_768)
FN:15334,(anonymous_769)
FN:15338,(anonymous_770)
FN:15351,(anonymous_771)
FN:15352,(anonymous_772)
FN:15366,(anonymous_773)
FN:15372,(anonymous_774)
FN:15373,(anonymous_775)
FN:15404,(anonymous_776)
FN:15405,(anonymous_777)
FN:15420,(anonymous_778)
FN:15421,(anonymous_779)
FN:15446,(anonymous_780)
FN:15457,(anonymous_781)
FN:15469,(anonymous_782)
FN:15470,(anonymous_783)
FN:15471,(anonymous_784)
FN:15472,(anonymous_785)
FN:15482,(anonymous_786)
FN:15492,(anonymous_787)
FN:15493,(anonymous_788)
FN:15503,(anonymous_789)
FN:15504,(anonymous_790)
FN:15515,(anonymous_791)
FN:15523,(anonymous_792)
FN:15537,(anonymous_793)
FN:15538,(anonymous_794)
FN:15565,(anonymous_795)
FN:15574,(anonymous_796)
FN:15580,(anonymous_797)
FN:15587,(anonymous_798)
FN:15591,(anonymous_799)
FN:15595,(anonymous_800)
FN:15599,(anonymous_801)
FN:15615,(anonymous_802)
FN:15619,(anonymous_803)
FN:15623,(anonymous_804)
FN:15627,(anonymous_805)
FN:15637,(anonymous_806)
FN:15641,(anonymous_807)
FN:15646,(anonymous_808)
FN:15650,(anonymous_809)
FN:15652,(anonymous_810)
FN:15657,(anonymous_811)
FN:15659,(anonymous_812)
FN:15666,(anonymous_813)
FN:15670,(anonymous_814)
FN:15681,(anonymous_815)
FN:15689,(anonymous_816)
FN:15695,ASTInterpreter
FN:15701,(anonymous_818)
FN:15714,(anonymous_819)
FN:15722,(anonymous_820)
FN:15727,(anonymous_821)
FN:15729,(anonymous_822)
FN:15735,(anonymous_823)
FN:15747,(anonymous_824)
FN:15786,(anonymous_825)
FN:15792,(anonymous_826)
FN:15800,(anonymous_827)
FN:15815,(anonymous_828)
FN:15823,(anonymous_829)
FN:15826,(anonymous_830)
FN:15835,(anonymous_831)
FN:15850,(anonymous_832)
FN:15862,(anonymous_833)
FN:15866,(anonymous_834)
FN:15870,(anonymous_835)
FN:15876,(anonymous_836)
FN:15877,(anonymous_837)
FN:15887,(anonymous_838)
FN:15888,(anonymous_839)
FN:15898,(anonymous_840)
FN:15899,(anonymous_841)
FN:15904,(anonymous_842)
FN:15905,(anonymous_843)
FN:15912,(anonymous_844)
FN:15913,(anonymous_845)
FN:15920,(anonymous_846)
FN:15921,(anonymous_847)
FN:15926,(anonymous_848)
FN:15927,(anonymous_849)
FN:15932,(anonymous_850)
FN:15933,(anonymous_851)
FN:15938,(anonymous_852)
FN:15939,(anonymous_853)
FN:15944,(anonymous_854)
FN:15945,(anonymous_855)
FN:15950,(anonymous_856)
FN:15951,(anonymous_857)
FN:15957,(anonymous_858)
FN:15958,(anonymous_859)
FN:15964,(anonymous_860)
FN:15965,(anonymous_861)
FN:15970,(anonymous_862)
FN:15971,(anonymous_863)
FN:15976,(anonymous_864)
FN:15977,(anonymous_865)
FN:15982,(anonymous_866)
FN:15983,(anonymous_867)
FN:15988,(anonymous_868)
FN:15989,(anonymous_869)
FN:15994,(anonymous_870)
FN:15995,(anonymous_871)
FN:16000,(anonymous_872)
FN:16001,(anonymous_873)
FN:16006,(anonymous_874)
FN:16007,(anonymous_875)
FN:16009,(anonymous_876)
FN:16010,(anonymous_877)
FN:16023,(anonymous_878)
FN:16024,(anonymous_879)
FN:16045,(anonymous_880)
FN:16046,(anonymous_881)
FN:16061,(anonymous_882)
FN:16062,(anonymous_883)
FN:16072,Parser
FN:16084,(anonymous_885)
FN:16089,getValueOf
FN:16145,$ParseProvider
FN:16166,(anonymous_888)
FN:16194,(anonymous_889)
FN:16200,(anonymous_890)
FN:16210,$parse
FN:16248,expressionInputDirtyCheck
FN:16274,inputsWatchDelegate
FN:16281,expressionInputWatch
FN:16298,expressionInputsWatch
FN:16317,oneTimeWatchDelegate
FN:16326,oneTimeWatch
FN:16329,oneTimeListener
FN:16335,(anonymous_899)
FN:16344,oneTimeLiteralWatchDelegate
FN:16346,oneTimeWatch
FN:16348,oneTimeListener
FN:16354,(anonymous_903)
FN:16362,isAllDefined
FN:16364,(anonymous_905)
FN:16371,constantWatchDelegate
FN:16372,constantWatch
FN:16379,addInterceptor
FN:16388,regularInterceptedExpression
FN:16391,oneTimeInterceptedExpression
FN:16641,$QProvider
FN:16643,(anonymous_912)
FN:16644,(anonymous_913)
FN:16662,(anonymous_914)
FN:16673,$$QProvider
FN:16675,(anonymous_916)
FN:16676,(anonymous_917)
FN:16681,(anonymous_918)
FN:16701,qFactory
FN:16716,defer
FN:16720,Deferred
FN:16723,(anonymous_922)
FN:16724,(anonymous_923)
FN:16725,(anonymous_924)
FN:16729,Promise
FN:16734,(anonymous_926)
FN:16747,(anonymous_927)
FN:16751,(anonymous_928)
FN:16752,(anonymous_929)
FN:16754,(anonymous_930)
FN:16760,processQueue
FN:16791,processChecks
FN:16807,scheduleProcessQueue
FN:16817,(anonymous_934)
FN:16820,resolvePromise
FN:16833,$$resolve
FN:16850,doResolve
FN:16855,doReject
FN:16860,doNotify
FN:16865,rejectPromise
FN:16870,$$reject
FN:16876,notifyPromise
FN:16880,(anonymous_943)
FN:16931,reject
FN:16937,handleCallback
FN:16945,(anonymous_946)
FN:16971,when
FN:17009,all
FN:17014,(anonymous_949)
FN:17016,(anonymous_950)
FN:17019,(anonymous_951)
FN:17045,race
FN:17048,(anonymous_953)
FN:17055,$Q
FN:17062,resolveFn
FN:17066,rejectFn
FN:17090,$$RAFProvider
FN:17091,(anonymous_958)
FN:17101,(anonymous_959)
FN:17103,(anonymous_960)
FN:17107,(anonymous_961)
FN:17109,(anonymous_962)
FN:17189,$RootScopeProvider
FN:17195,(anonymous_964)
FN:17202,createChildScopeClass
FN:17203,ChildScope
FN:17217,(anonymous_967)
FN:17219,destroyChildScope
FN:17223,cleanUpScope
FN:17291,Scope
FN:17359,(anonymous_971)
FN:17512,(anonymous_972)
FN:17544,deregisterWatch
FN:17581,(anonymous_974)
FN:17592,(anonymous_975)
FN:17595,deregisterWatchGroup
FN:17602,watchGroupAction
FN:17609,(anonymous_978)
FN:17610,watchGroupSubAction
FN:17621,watchGroupAction
FN:17632,deregisterWatchGroup
FN:17695,(anonymous_982)
FN:17715,$watchCollectionInterceptor
FN:17797,$watchCollectionAction
FN:17880,(anonymous_985)
FN:18033,(anonymous_986)
FN:18060,(anonymous_987)
FN:18096,(anonymous_988)
FN:18130,(anonymous_989)
FN:18134,(anonymous_990)
FN:18144,(anonymous_991)
FN:18193,(anonymous_992)
FN:18231,(anonymous_993)
FN:18239,$applyAsyncExpression
FN:18271,(anonymous_995)
FN:18287,(anonymous_996)
FN:18319,(anonymous_997)
FN:18327,(anonymous_998)
FN:18328,(anonymous_999)
FN:18391,(anonymous_1000)
FN:18398,(anonymous_1001)
FN:18458,beginPhase
FN:18466,clearPhase
FN:18470,incrementWatchersCount
FN:18476,decrementListenerCount
FN:18490,initWatchVal
FN:18492,flushApplyAsync
FN:18503,scheduleApplyAsync
FN:18505,(anonymous_1009)
FN:18533,$$SanitizeUriProvider
FN:18553,(anonymous_1011)
FN:18578,(anonymous_1012)
FN:18586,(anonymous_1013)
FN:18587,sanitizeUri
FN:18628,snakeToCamel
FN:18633,adjustMatcher
FN:18661,adjustMatchers
FN:18664,(anonymous_1018)
FN:18741,$SceDelegateProvider
FN:18772,(anonymous_1020)
FN:18806,(anonymous_1021)
FN:18813,(anonymous_1022)
FN:18815,htmlSanitizer
FN:18824,matchUrl
FN:18833,isResourceUrlAllowedByPolicy
FN:18855,generateHolderType
FN:18856,TrustedValueHolderType
FN:18857,(anonymous_1028)
FN:18864,sceValueOf
FN:18867,sceToString
FN:18899,trustAs
FN:18937,valueOf
FN:18965,getTrusted
FN:19277,$SceProvider
FN:19291,(anonymous_1035)
FN:19346,(anonymous_1036)
FN:19370,(anonymous_1037)
FN:19378,(anonymous_1038)
FN:19401,sceParseAs
FN:19406,(anonymous_1040)
FN:19659,(anonymous_1041)
FN:19661,(anonymous_1042)
FN:19664,(anonymous_1043)
FN:19667,(anonymous_1044)
FN:19693,$SnifferProvider
FN:19694,(anonymous_1046)
FN:19732,(anonymous_1047)
FN:19769,$TemplateRequestProvider
FN:19786,(anonymous_1049)
FN:19817,(anonymous_1050)
FN:19819,handleRequestFn
FN:19834,(anonymous_1052)
FN:19845,(anonymous_1053)
FN:19848,(anonymous_1054)
FN:19853,handleError
FN:19874,$$TestabilityProvider
FN:19876,(anonymous_1057)
FN:19899,(anonymous_1058)
FN:19902,(anonymous_1059)
FN:19905,(anonymous_1060)
FN:19934,(anonymous_1061)
FN:19953,(anonymous_1062)
FN:19966,(anonymous_1063)
FN:19981,(anonymous_1064)
FN:19990,$TimeoutProvider
FN:19992,(anonymous_1066)
FN:20026,timeout
FN:20039,(anonymous_1068)
FN:20071,(anonymous_1069)
FN:20142,urlResolve
FN:20177,urlIsSameOrigin
FN:20225,$WindowProvider
FN:20238,$$CookieReader
FN:20243,safeGetCookie
FN:20251,safeDecodeURIComponent
FN:20259,(anonymous_1076)
FN:20289,$$CookieReaderProvider
FN:20400,$FilterProvider
FN:20419,register
FN:20422,(anonymous_1080)
FN:20432,(anonymous_1081)
FN:20433,(anonymous_1082)
FN:20596,filterFilter
FN:20597,(anonymous_1084)
FN:20633,createPredicateFn
FN:20640,(anonymous_1086)
FN:20660,(anonymous_1087)
FN:20670,deepCompare
FN:20679,(anonymous_1089)
FN:20719,getTypeForFilter
FN:20780,currencyFilter
FN:20782,(anonymous_1092)
FN:20854,numberFilter
FN:20856,(anonymous_1094)
FN:20879,parse
FN:20934,roundNumber
FN:20980,(anonymous_1097)
FN:21009,formatNumber
FN:21030,(anonymous_1099)
FN:21075,padNumber
FN:21094,dateGetter
FN:21096,(anonymous_1102)
FN:21106,dateStrGetter
FN:21107,(anonymous_1104)
FN:21116,timeZoneGetter
FN:21126,getFirstThursdayOfYear
FN:21134,getThursdayThisWeek
FN:21140,weekGetter
FN:21141,(anonymous_1109)
FN:21152,ampmGetter
FN:21156,eraGetter
FN:21160,longEraGetter
FN:21296,dateFilter
FN:21301,jsonStringToDate
FN:21326,(anonymous_1115)
FN:21361,(anonymous_1116)
FN:21403,jsonFilter
FN:21404,(anonymous_1118)
FN:21533,limitToFilter
FN:21534,(anonymous_1120)
FN:21560,sliceFn
FN:22117,orderByFilter
FN:22118,(anonymous_1123)
FN:22140,(anonymous_1124)
FN:22144,getComparisonObject
FN:22151,(anonymous_1126)
FN:22157,doComparison
FN:22169,processPredicates
FN:22170,(anonymous_1129)
FN:22184,(anonymous_1130)
FN:22192,isPrimitive
FN:22203,objectValue
FN:22218,getPredicateValue
FN:22229,defaultCompare
FN:22260,ngDirective
FN:22283,(anonymous_1136)
FN:22285,(anonymous_1137)
FN:22292,(anonymous_1138)
FN:22647,(anonymous_1139)
FN:22651,defaultLinkFn
FN:22652,ngBooleanAttrWatchAction
FN:22661,(anonymous_1142)
FN:22669,(anonymous_1143)
FN:22679,(anonymous_1144)
FN:22680,(anonymous_1145)
FN:22683,(anonymous_1146)
FN:22694,ngAttrAliasWatchAction
FN:22703,(anonymous_1148)
FN:22705,(anonymous_1149)
FN:22708,(anonymous_1150)
FN:22719,(anonymous_1151)
FN:22755,nullFormRenameControl
FN:22803,FormController
FN:22836,(anonymous_1154)
FN:22837,(anonymous_1155)
FN:22853,(anonymous_1156)
FN:22854,(anonymous_1157)
FN:22880,(anonymous_1158)
FN:22894,(anonymous_1159)
FN:22920,(anonymous_1160)
FN:22924,(anonymous_1161)
FN:22928,(anonymous_1162)
FN:22932,(anonymous_1163)
FN:22951,(anonymous_1164)
FN:22975,(anonymous_1165)
FN:22980,(anonymous_1166)
FN:22998,(anonymous_1167)
FN:22999,(anonymous_1168)
FN:23011,(anonymous_1169)
FN:23029,(anonymous_1170)
FN:23040,(anonymous_1171)
FN:23213,(anonymous_1172)
FN:23214,(anonymous_1173)
FN:23220,ngFormCompile
FN:23227,ngFormPreLink
FN:23238,(anonymous_1176)
FN:23239,(anonymous_1177)
FN:23251,(anonymous_1178)
FN:23252,(anonymous_1179)
FN:23265,(anonymous_1180)
FN:23273,(anonymous_1181)
FN:23285,getSetter
FN:23301,setupValidity
FN:23305,addSetValidityMethod
FN:23310,(anonymous_1185)
FN:23358,createAndSet
FN:23365,unsetAndCleanup
FN:23374,cachedToggleClass
FN:23384,toggleValidationCss
FN:23392,isObjectEmpty
FN:23437,(anonymous_1191)
FN:24623,stringBasedInputType
FN:24624,(anonymous_1193)
FN:24629,textInputType
FN:24634,baseInputType
FN:24643,(anonymous_1196)
FN:24647,(anonymous_1197)
FN:24655,(anonymous_1198)
FN:24684,(anonymous_1199)
FN:24686,(anonymous_1200)
FN:24695,(anonymous_1201)
FN:24720,(anonymous_1202)
FN:24725,(anonymous_1203)
FN:24735,(anonymous_1204)
FN:24744,weekParser
FN:24776,createDateParser
FN:24777,(anonymous_1207)
FN:24813,(anonymous_1208)
FN:24826,createDateInputType
FN:24827,dynamicDateInputType
FN:24834,(anonymous_1211)
FN:24849,(anonymous_1212)
FN:24867,(anonymous_1213)
FN:24870,(anonymous_1214)
FN:24878,(anonymous_1215)
FN:24881,(anonymous_1216)
FN:24887,isValidDate
FN:24892,parseObservedDateValue
FN:24898,badInputChecker
FN:24902,(anonymous_1220)
FN:24909,numberFormatterParser
FN:24911,(anonymous_1222)
FN:24917,(anonymous_1223)
FN:24928,parseNumberAttrVal
FN:24935,isNumberInteger
FN:24943,countDecimals
FN:24963,isValidForStep
FN:24982,numberInputType
FN:24991,(anonymous_1229)
FN:24995,(anonymous_1230)
FN:25003,(anonymous_1231)
FN:25007,(anonymous_1232)
FN:25016,(anonymous_1233)
FN:25021,(anonymous_1234)
FN:25029,rangeInputType
FN:25048,rangeRender
FN:25057,noopMinValidator
FN:25059,minValidator
FN:25069,noopMaxValidator
FN:25071,maxValidator
FN:25080,nativeStepValidator
FN:25087,stepValidator
FN:25095,setInitialValueAndObserver
FN:25103,minChange
FN:25124,maxChange
FN:25146,stepChange
FN:25163,urlInputType
FN:25170,(anonymous_1248)
FN:25176,emailInputType
FN:25183,(anonymous_1250)
FN:25189,radioInputType
FN:25196,(anonymous_1252)
FN:25209,(anonymous_1253)
FN:25220,parseConstantExpr
FN:25233,checkboxInputType
FN:25237,(anonymous_1256)
FN:25243,(anonymous_1257)
FN:25250,(anonymous_1258)
FN:25254,(anonymous_1259)
FN:25258,(anonymous_1260)
FN:25452,(anonymous_1261)
FN:25457,(anonymous_1262)
FN:25525,(anonymous_1263)
FN:25532,updateElementValue
FN:25540,(anonymous_1265)
FN:25542,ngValueConstantLink
FN:25547,ngValueLink
FN:25548,valueWatchAction
FN:25608,(anonymous_1269)
FN:25611,ngBindCompile
FN:25613,ngBindLink
FN:25616,ngBindWatchAction
FN:25676,(anonymous_1273)
FN:25678,ngBindTemplateCompile
FN:25680,ngBindTemplateLink
FN:25684,(anonymous_1276)
FN:25740,(anonymous_1277)
FN:25743,ngBindHtmlCompile
FN:25745,sceValueOf
FN:25751,ngBindHtmlLink
FN:25754,ngBindHtmlWatchAction
FN:25834,(anonymous_1282)
FN:25835,(anonymous_1283)
FN:25847,classDirective
FN:25851,(anonymous_1285)
FN:25854,(anonymous_1286)
FN:25875,moduloTwo
FN:25886,addClasses
FN:25891,removeClasses
FN:25896,updateClasses
FN:25910,digestClassCounts
FN:25913,(anonymous_1292)
FN:25925,ngClassIndexWatchAction
FN:25938,ngClassOneTimeWatchAction
FN:25946,ngClassWatchAction
FN:25958,arrayDifference
FN:25976,split
FN:25980,toClassString
FN:25987,(anonymous_1299)
FN:25994,toFlatValue
FN:26002,(anonymous_1301)
FN:26357,(anonymous_1302)
FN:26591,(anonymous_1303)
FN:26855,(anonymous_1304)
FN:26857,(anonymous_1305)
FN:26860,(anonymous_1306)
FN:26866,ngEventHandler
FN:26867,(anonymous_1308)
FN:26868,(anonymous_1309)
FN:27370,(anonymous_1310)
FN:27378,(anonymous_1311)
FN:27380,ngIfWatchAction
FN:27384,(anonymous_1313)
FN:27407,(anonymous_1314)
FN:27604,(anonymous_1315)
FN:27611,(anonymous_1316)
FN:27616,(anonymous_1317)
FN:27622,(anonymous_1318)
FN:27632,(anonymous_1319)
FN:27640,ngIncludeWatchAction
FN:27641,(anonymous_1321)
FN:27652,(anonymous_1322)
FN:27665,(anonymous_1323)
FN:27675,(anonymous_1324)
FN:27700,(anonymous_1325)
FN:27705,(anonymous_1326)
FN:27712,namespaceAdaptedClone
FN:27784,(anonymous_1328)
FN:27786,(anonymous_1329)
FN:27877,(anonymous_1330)
FN:27882,(anonymous_1331)
FN:27887,(anonymous_1332)
FN:27894,(anonymous_1333)
FN:27903,(anonymous_1334)
FN:27912,(anonymous_1335)
FN:28144,NgModelController
FN:28189,(anonymous_1337)
FN:28194,(anonymous_1338)
FN:28201,(anonymous_1339)
FN:28255,(anonymous_1340)
FN:28260,(anonymous_1341)
FN:28281,(anonymous_1342)
FN:28299,(anonymous_1343)
FN:28319,(anonymous_1344)
FN:28336,(anonymous_1345)
FN:28430,(anonymous_1346)
FN:28448,(anonymous_1347)
FN:28467,(anonymous_1348)
FN:28484,(anonymous_1349)
FN:28500,processParseErrors
FN:28506,(anonymous_1351)
FN:28509,(anonymous_1352)
FN:28520,processSyncValidators
FN:28522,(anonymous_1354)
FN:28528,(anonymous_1355)
FN:28536,processAsyncValidators
FN:28539,(anonymous_1357)
FN:28546,(anonymous_1358)
FN:28548,(anonymous_1359)
FN:28556,(anonymous_1360)
FN:28562,setValidity
FN:28568,validationDone
FN:28587,(anonymous_1363)
FN:28608,(anonymous_1364)
FN:28639,(anonymous_1365)
FN:28650,writeToModelIfNeeded
FN:28657,(anonymous_1367)
FN:28659,(anonymous_1368)
FN:28719,(anonymous_1369)
FN:28726,(anonymous_1370)
FN:28738,(anonymous_1371)
FN:28744,(anonymous_1372)
FN:28751,setupModelWatcher
FN:28760,ngModelWatch
FN:28818,(anonymous_1375)
FN:28821,(anonymous_1376)
FN:29014,(anonymous_1377)
FN:29023,ngModelCompile
FN:29028,ngModelPreLink
FN:29042,(anonymous_1380)
FN:29048,(anonymous_1381)
FN:29052,ngModelPostLink
FN:29055,(anonymous_1383)
FN:29060,setTouched
FN:29064,(anonymous_1385)
FN:29089,ModelOptions
FN:29103,(anonymous_1387)
FN:29113,(anonymous_1388)
FN:29120,(anonymous_1389)
FN:29136,(anonymous_1390)
FN:29409,(anonymous_1391)
FN:29411,NgModelOptionsController
FN:29416,(anonymous_1393)
FN:29436,defaults
FN:29437,(anonymous_1395)
FN:29724,(anonymous_1396)
FN:29726,parseOptionsExpression
FN:29758,(anonymous_1398)
FN:29759,getHashOfValue
FN:29760,(anonymous_1400)
FN:29770,(anonymous_1401)
FN:29774,(anonymous_1402)
FN:29780,Option
FN:29788,getOptionValuesKeys
FN:29808,(anonymous_1405)
FN:29840,(anonymous_1406)
FN:29869,(anonymous_1407)
FN:29872,(anonymous_1408)
FN:29888,ngOptionsPostLink
FN:29917,(anonymous_1410)
FN:29924,writeNgOptionsValue
FN:29959,readNgOptionsValue
FN:29976,(anonymous_1413)
FN:29977,(anonymous_1414)
FN:29983,writeNgOptionsMultiple
FN:29989,(anonymous_1416)
FN:29997,readNgOptionsMultiple
FN:30001,(anonymous_1418)
FN:30013,(anonymous_1419)
FN:30015,(anonymous_1420)
FN:30019,(anonymous_1421)
FN:30043,(anonymous_1422)
FN:30051,(anonymous_1423)
FN:30077,addOptionElement
FN:30083,getAndUpdateSelectedOption
FN:30092,updateOptionElement
FN:30107,updateOptions
FN:30136,addOption
FN:30189,ngOptionsPreLink
FN:30375,(anonymous_1430)
FN:30380,(anonymous_1431)
FN:30392,(anonymous_1432)
FN:30399,(anonymous_1433)
FN:30404,ngPluralizeWatchAction
FN:30432,updateElementText
FN:30775,(anonymous_1436)
FN:30779,(anonymous_1437)
FN:30791,(anonymous_1438)
FN:30795,(anonymous_1439)
FN:30807,ngRepeatCompile
FN:30844,(anonymous_1441)
FN:30847,(anonymous_1442)
FN:30852,ngRepeatLink
FN:30855,(anonymous_1444)
FN:30875,ngRepeatAction
FN:30926,(anonymous_1446)
FN:30979,ngRepeatTransclude
FN:31162,(anonymous_1448)
FN:31166,(anonymous_1449)
FN:31167,ngShowWatchAction
FN:31326,(anonymous_1451)
FN:31330,(anonymous_1452)
FN:31331,ngHideWatchAction
FN:31393,(anonymous_1454)
FN:31394,ngStyleWatchAction
FN:31396,(anonymous_1456)
FN:31539,(anonymous_1457)
FN:31544,NgSwitchController
FN:31547,(anonymous_1459)
FN:31554,(anonymous_1460)
FN:31555,(anonymous_1461)
FN:31560,ngSwitchWatchAction
FN:31579,(anonymous_1463)
FN:31580,(anonymous_1464)
FN:31601,(anonymous_1465)
FN:31605,(anonymous_1466)
FN:31608,(anonymous_1467)
FN:31620,(anonymous_1468)
FN:31785,(anonymous_1469)
FN:31789,ngTranscludeCompile
FN:31795,ngTranscludePostLink
FN:31820,ngTranscludeCloneAttachFn
FN:31831,useFallbackContent
FN:31834,(anonymous_1474)
FN:31839,notWhitespace
FN:31885,(anonymous_1476)
FN:31889,(anonymous_1477)
FN:31913,(anonymous_1478)
FN:31940,(anonymous_1479)
FN:31948,(anonymous_1480)
FN:31955,(anonymous_1481)
FN:31959,(anonymous_1482)
FN:31963,(anonymous_1483)
FN:31970,(anonymous_1484)
FN:31976,(anonymous_1485)
FN:31983,readSingleValue
FN:31998,writeSingleValue
FN:32027,(anonymous_1488)
FN:32044,(anonymous_1489)
FN:32060,(anonymous_1490)
FN:32066,scheduleRender
FN:32069,(anonymous_1492)
FN:32076,scheduleViewValueUpdate
FN:32081,(anonymous_1494)
FN:32091,(anonymous_1495)
FN:32096,valueAttributeObserveAction
FN:32123,valueAttributeObserveAction
FN:32143,interpolateWatchAction
FN:32161,(anonymous_1499)
FN:32176,(anonymous_1500)
FN:32193,setOptionAsSelected
FN:32447,(anonymous_1502)
FN:32460,selectPreLink
FN:32478,(anonymous_1504)
FN:32480,(anonymous_1505)
FN:32493,readMultipleValue
FN:32495,(anonymous_1507)
FN:32505,writeMultipleValue
FN:32507,(anonymous_1509)
FN:32515,selectMultipleWatch
FN:32525,(anonymous_1511)
FN:32532,selectPostLink
FN:32544,(anonymous_1513)
FN:32554,(anonymous_1514)
FN:32558,(anonymous_1515)
FN:32575,(anonymous_1516)
FN:32650,(anonymous_1517)
FN:32654,(anonymous_1518)
FN:32658,(anonymous_1519)
FN:32662,(anonymous_1520)
FN:32744,(anonymous_1521)
FN:32748,(anonymous_1522)
FN:32752,(anonymous_1523)
FN:32767,(anonymous_1524)
FN:32841,(anonymous_1525)
FN:32845,(anonymous_1526)
FN:32849,(anonymous_1527)
FN:32854,(anonymous_1528)
FN:32925,(anonymous_1529)
FN:32929,(anonymous_1530)
FN:32933,(anonymous_1531)
FN:32937,(anonymous_1532)
FN:32958,(anonymous_1533)
FN:32960,getDecimals
FN:32966,getVF
FN:33097,(anonymous_1536)
FN:33101,(anonymous_1537)
FN:33111,(anonymous_1538)
FN:33116,HomeController
FN:33121,(anonymous_1540)
FN:33124,(anonymous_1541)
FN:33133,(anonymous_1542)
FN:33138,addTodoController
FN:33141,(anonymous_1544)
FN:33154,(anonymous_1545)
FN:33159,editController
FN:33165,(anonymous_1547)
FN:33166,(anonymous_1548)
FN:33176,(anonymous_1549)
FN:33181,toDoController
FN:33184,(anonymous_1551)
FN:33185,(anonymous_1552)
FN:33204,(anonymous_1553)
FN:33210,(anonymous_1554)
FN:33215,PaginationController
FN:33219,(anonymous_1556)
FN:33223,(anonymous_1557)
FN:33247,(anonymous_1558)
FN:33253,(anonymous_1559)
FN:33258,AddArticleController
FN:33261,(anonymous_1561)
FN:33275,(anonymous_1562)
FN:33281,(anonymous_1563)
FN:33286,MinLengthDirective
FN:33289,link
FN:33290,lengthValidation
FN:33303,(anonymous_1567)
FN:33308,PaginationFactory
FN:33311,(anonymous_1569)
FN:33371,(anonymous_1570)
FN:33376,requestFactory
FN:33384,addTask
FN:33388,getTasks
FN:33392,updateTask
FN:33393,(anonymous_1575)
FN:33400,removeTask
FN:33401,(anonymous_1577)
FN:33407,getTaskById
FN:33417,(anonymous_1579)
FN:33422,todoFactory
FN:33424,getTasks
FN:33427,getTaskById
FN:33430,addTask
FN:33442,removeTask
FN:33445,save
FN:33455,(anonymous_1586)
FN:33463,(anonymous_1587)
FN:33470,(anonymous_1588)
FN:33479,isValidDottedPath
FN:33484,lookupDottedPath
FN:33499,shallowClearAndCopy
FN:33502,(anonymous_1592)
FN:33901,ResourceProvider
FN:33988,(anonymous_1594)
FN:34001,Route
FN:34008,(anonymous_1596)
FN:34016,(anonymous_1597)
FN:34028,(anonymous_1598)
FN:34034,(anonymous_1599)
FN:34042,(anonymous_1600)
FN:34047,(anonymous_1601)
FN:34070,(anonymous_1602)
FN:34080,resourceFactory
FN:34085,extractParams
FN:34088,(anonymous_1605)
FN:34096,defaultResponseInterceptor
FN:34100,Resource
FN:34104,(anonymous_1608)
FN:34111,(anonymous_1609)
FN:34127,(anonymous_1610)
FN:34178,(anonymous_1611)
FN:34205,(anonymous_1612)
FN:34218,(anonymous_1613)
FN:34239,(anonymous_1614)
FN:34249,(anonymous_1615)
FN:34255,(anonymous_1616)
FN:34282,cancelRequest
FN:34289,(anonymous_1618)
FN:34298,(anonymous_1619)
FN:34316,(anonymous_1620)
FN:34324,(anonymous_1621)
FN:34331,(anonymous_1622)
FN:34340,shallowCopy
FN:34410,$RouteProvider
FN:34415,inherit
FN:34560,(anonymous_1626)
FN:34611,pathRegExp
FN:34621,(anonymous_1628)
FN:34653,(anonymous_1629)
FN:34693,eagerInstantiationEnabled
FN:34710,(anonymous_1631)
FN:34928,(anonymous_1632)
FN:34933,fakePreventDefault
FN:34939,(anonymous_1634)
FN:34958,(anonymous_1635)
FN:34988,switchRouteMatcher
FN:35009,prepareRoute
FN:35026,commitRoute
FN:35043,(anonymous_1639)
FN:35046,(anonymous_1640)
FN:35056,(anonymous_1641)
FN:35064,getRedirectionData
FN:35089,(anonymous_1643)
FN:35103,handlePossibleRedirection
FN:35134,resolveLocals
FN:35137,(anonymous_1646)
FN:35150,getTemplateFor
FN:35171,parseRoute
FN:35174,(anonymous_1649)
FN:35189,interpolate
FN:35191,(anonymous_1651)
FN:35208,instantiateRoute
FN:35252,$RouteParamsProvider
FN:35253,(anonymous_1654)
FN:35435,ngViewFactory
FN:35441,(anonymous_1656)
FN:35451,cleanupLastView
FN:35463,(anonymous_1658)
FN:35470,update
FN:35484,(anonymous_1660)
FN:35485,onNgViewEnter
FN:35512,ngViewFillContentFactory
FN:35516,(anonymous_1663)
FN:35546,(anonymous_1664)
FNF:1665
FNH:67
FNDA:1,(anonymous_0)
FNDA:20,__webpack_require__
FNDA:0,(anonymous_2)
FNDA:0,(anonymous_3)
FNDA:0,getDefault
FNDA:0,getModuleExports
FNDA:0,(anonymous_6)
FNDA:0,(anonymous_7)
FNDA:1,(anonymous_8)
FNDA:0,(anonymous_9)
FNDA:1,bootstrap
FNDA:1,(anonymous_11)
FNDA:1,(anonymous_12)
FNDA:1,(anonymous_13)
FNDA:15,minErr
FNDA:0,(anonymous_15)
FNDA:0,(anonymous_16)
FNDA:7,(anonymous_17)
FNDA:0,(anonymous_18)
FNDA:0,(anonymous_19)
FNDA:0,(anonymous_20)
FNDA:0,(anonymous_21)
FNDA:0,(anonymous_22)
FNDA:5,isArrayLike
FNDA:12,forEach
FNDA:0,forEachSorted
FNDA:0,reverseParams
FNDA:0,(anonymous_27)
FNDA:0,nextUid
FNDA:0,setHashKey
FNDA:0,baseExtend
FNDA:0,extend
FNDA:0,merge
FNDA:0,toInt
FNDA:0,isNumberNaN
FNDA:0,inherit
FNDA:0,noop
FNDA:0,identity
FNDA:10,valueFn
FNDA:0,valueRef
FNDA:0,hasCustomToString
FNDA:0,isUndefined
FNDA:0,isDefined
FNDA:0,isObject
FNDA:5,isBlankObject
FNDA:12,isString
FNDA:5,isNumber
FNDA:0,isDate
FNDA:18,isFunction
FNDA:0,isRegExp
FNDA:5,isWindow
FNDA:0,isScope
FNDA:0,isFile
FNDA:0,isFormData
FNDA:0,isBlob
FNDA:0,isBoolean
FNDA:0,isPromiseLike
FNDA:0,isTypedArray
FNDA:0,isArrayBuffer
FNDA:0,(anonymous_59)
FNDA:0,(anonymous_60)
FNDA:0,isElement
FNDA:0,makeMap
FNDA:0,nodeName_
FNDA:0,includes
FNDA:0,arrayRemove
FNDA:0,copy
FNDA:0,(anonymous_67)
FNDA:0,copyRecurse
FNDA:0,copyElement
FNDA:0,copyType
FNDA:0,equals
FNDA:0,(anonymous_72)
FNDA:0,noUnsafeEval
FNDA:0,(anonymous_74)
FNDA:0,concat
FNDA:0,sliceArgs
FNDA:0,bind
FNDA:0,(anonymous_78)
FNDA:0,(anonymous_79)
FNDA:0,toJsonReplacer
FNDA:0,toJson
FNDA:0,fromJson
FNDA:0,timezoneToOffset
FNDA:0,addDateMinutes
FNDA:0,convertTimezoneToLocal
FNDA:0,startingTag
FNDA:0,(anonymous_87)
FNDA:0,tryDecodeURIComponent
FNDA:0,parseKeyValue
FNDA:0,(anonymous_90)
FNDA:0,toKeyValue
FNDA:0,(anonymous_92)
FNDA:0,(anonymous_93)
FNDA:0,encodeUriSegment
FNDA:0,encodeUriQuery
FNDA:0,getNgAttribute
FNDA:1,allowAutoBootstrap
FNDA:0,angularInit
FNDA:0,(anonymous_99)
FNDA:0,(anonymous_100)
FNDA:0,bootstrap
FNDA:0,(anonymous_102)
FNDA:0,(anonymous_103)
FNDA:0,(anonymous_104)
FNDA:0,bootstrapApply
FNDA:0,(anonymous_106)
FNDA:0,(anonymous_107)
FNDA:0,(anonymous_108)
FNDA:0,reloadWithDebugInfo
FNDA:0,getTestability
FNDA:0,snake_case
FNDA:0,(anonymous_112)
FNDA:0,bindJQuery
FNDA:0,(anonymous_114)
FNDA:0,assertArg
FNDA:0,assertArgFn
FNDA:0,assertNotHasOwnProperty
FNDA:0,getter
FNDA:0,getBlockNodes
FNDA:2,createMap
FNDA:0,stringify
FNDA:0,setupModuleLoader
FNDA:0,ensure
FNDA:0,(anonymous_124)
FNDA:0,module
FNDA:0,(anonymous_126)
FNDA:0,(anonymous_127)
FNDA:0,(anonymous_128)
FNDA:0,invokeLater
FNDA:0,(anonymous_130)
FNDA:0,invokeLaterAndSetModuleName
FNDA:0,(anonymous_132)
FNDA:0,shallowCopy
FNDA:0,serializeObject
FNDA:0,(anonymous_135)
FNDA:0,toDebugString
FNDA:0,publishExternalAPI
FNDA:0,ngModule
FNDA:0,(anonymous_139)
FNDA:0,jqNextId
FNDA:0,cssKebabToCamel
FNDA:27,fnCamelCaseReplace
FNDA:0,kebabToCamel
FNDA:0,jqLiteIsTextNode
FNDA:0,jqLiteAcceptsData
FNDA:0,jqLiteHasData
FNDA:0,jqLiteCleanData
FNDA:0,jqLiteBuildFragment
FNDA:0,(anonymous_149)
FNDA:0,jqLiteParseHTML
FNDA:0,jqLiteWrapNode
FNDA:0,(anonymous_152)
FNDA:0,JQLite
FNDA:0,jqLiteClone
FNDA:0,jqLiteDealoc
FNDA:0,jqLiteOff
FNDA:0,(anonymous_157)
FNDA:0,(anonymous_158)
FNDA:0,jqLiteRemoveData
FNDA:0,jqLiteExpandoStore
FNDA:0,jqLiteData
FNDA:0,jqLiteHasClass
FNDA:0,jqLiteRemoveClass
FNDA:0,(anonymous_164)
FNDA:0,jqLiteAddClass
FNDA:0,(anonymous_166)
FNDA:0,jqLiteAddNodes
FNDA:0,jqLiteController
FNDA:0,jqLiteInheritedData
FNDA:0,jqLiteEmpty
FNDA:0,jqLiteRemove
FNDA:0,jqLiteDocumentLoaded
FNDA:0,jqLiteReady
FNDA:0,trigger
FNDA:0,(anonymous_175)
FNDA:0,(anonymous_176)
FNDA:0,(anonymous_177)
FNDA:7,(anonymous_178)
FNDA:7,(anonymous_179)
FNDA:0,getBooleanAttrName
FNDA:0,getAliasedAttrName
FNDA:4,(anonymous_182)
FNDA:0,(anonymous_183)
FNDA:0,(anonymous_184)
FNDA:0,(anonymous_185)
FNDA:0,(anonymous_186)
FNDA:0,(anonymous_187)
FNDA:0,(anonymous_188)
FNDA:0,(anonymous_189)
FNDA:1,(anonymous_190)
FNDA:0,getText
FNDA:0,(anonymous_192)
FNDA:0,(anonymous_193)
FNDA:0,(anonymous_194)
FNDA:15,(anonymous_195)
FNDA:0,(anonymous_196)
FNDA:0,createEventHandler
FNDA:0,(anonymous_198)
FNDA:0,(anonymous_199)
FNDA:0,(anonymous_200)
FNDA:0,(anonymous_201)
FNDA:0,defaultHandlerWrapper
FNDA:0,specialMouseHandlerWrapper
FNDA:0,jqLiteOn
FNDA:0,(anonymous_205)
FNDA:0,(anonymous_206)
FNDA:0,onFn
FNDA:0,(anonymous_208)
FNDA:0,(anonymous_209)
FNDA:0,(anonymous_210)
FNDA:0,(anonymous_211)
FNDA:0,(anonymous_212)
FNDA:0,(anonymous_213)
FNDA:0,(anonymous_214)
FNDA:0,(anonymous_215)
FNDA:0,(anonymous_216)
FNDA:0,(anonymous_217)
FNDA:0,(anonymous_218)
FNDA:0,(anonymous_219)
FNDA:0,(anonymous_220)
FNDA:0,(anonymous_221)
FNDA:0,(anonymous_222)
FNDA:0,(anonymous_223)
FNDA:0,(anonymous_224)
FNDA:0,(anonymous_225)
FNDA:0,(anonymous_226)
FNDA:0,(anonymous_227)
FNDA:0,(anonymous_228)
FNDA:0,(anonymous_229)
FNDA:21,(anonymous_230)
FNDA:0,(anonymous_231)
FNDA:0,$$jqLiteProvider
FNDA:0,$$jqLite
FNDA:0,(anonymous_234)
FNDA:0,(anonymous_235)
FNDA:0,(anonymous_236)
FNDA:0,hashKey
FNDA:0,HashMap
FNDA:0,(anonymous_239)
FNDA:0,(anonymous_240)
FNDA:0,(anonymous_241)
FNDA:0,(anonymous_242)
FNDA:0,(anonymous_243)
FNDA:0,(anonymous_244)
FNDA:0,stringifyFn
FNDA:0,extractArgs
FNDA:0,anonFn
FNDA:0,annotate
FNDA:0,(anonymous_249)
FNDA:0,(anonymous_250)
FNDA:0,createInjector
FNDA:0,(anonymous_252)
FNDA:0,(anonymous_253)
FNDA:0,(anonymous_254)
FNDA:0,supportObject
FNDA:0,(anonymous_256)
FNDA:0,provider
FNDA:0,enforceReturnValue
FNDA:0,enforcedReturnValue
FNDA:0,factory
FNDA:0,service
FNDA:0,(anonymous_262)
FNDA:0,value
FNDA:0,constant
FNDA:0,decorator
FNDA:0,(anonymous_266)
FNDA:0,loadModules
FNDA:0,(anonymous_268)
FNDA:0,runInvokeQueue
FNDA:0,createInternalInjector
FNDA:0,getService
FNDA:0,injectionArgs
FNDA:0,isClass
FNDA:0,invoke
FNDA:0,instantiate
FNDA:0,(anonymous_276)
FNDA:0,$AnchorScrollProvider
FNDA:0,(anonymous_278)
FNDA:0,(anonymous_279)
FNDA:0,getFirstAnchor
FNDA:0,(anonymous_281)
FNDA:0,getYOffset
FNDA:0,scrollTo
FNDA:0,scroll
FNDA:0,autoScrollWatch
FNDA:0,autoScrollWatchAction
FNDA:0,(anonymous_287)
FNDA:0,mergeClasses
FNDA:0,extractElementNode
FNDA:0,splitClasses
FNDA:0,(anonymous_291)
FNDA:0,prepareAnimateOptions
FNDA:0,(anonymous_293)
FNDA:0,(anonymous_294)
FNDA:0,(anonymous_295)
FNDA:0,(anonymous_296)
FNDA:0,updateData
FNDA:0,(anonymous_298)
FNDA:0,handleCSSClassChanges
FNDA:0,(anonymous_300)
FNDA:0,(anonymous_301)
FNDA:0,(anonymous_302)
FNDA:0,addRemoveClassesPostDigest
FNDA:0,(anonymous_304)
FNDA:0,(anonymous_305)
FNDA:0,(anonymous_306)
FNDA:0,(anonymous_307)
FNDA:0,domInsert
FNDA:0,(anonymous_309)
FNDA:0,(anonymous_310)
FNDA:0,(anonymous_311)
FNDA:0,(anonymous_312)
FNDA:0,(anonymous_313)
FNDA:0,(anonymous_314)
FNDA:0,(anonymous_315)
FNDA:0,(anonymous_316)
FNDA:0,(anonymous_317)
FNDA:0,(anonymous_318)
FNDA:0,(anonymous_319)
FNDA:0,waitForTick
FNDA:0,(anonymous_321)
FNDA:0,(anonymous_322)
FNDA:0,(anonymous_323)
FNDA:0,(anonymous_324)
FNDA:0,(anonymous_325)
FNDA:0,(anonymous_326)
FNDA:0,(anonymous_327)
FNDA:0,next
FNDA:0,(anonymous_329)
FNDA:0,(anonymous_330)
FNDA:0,(anonymous_331)
FNDA:0,onProgress
FNDA:0,AnimateRunner
FNDA:0,(anonymous_334)
FNDA:0,(anonymous_335)
FNDA:0,(anonymous_336)
FNDA:0,(anonymous_337)
FNDA:0,(anonymous_338)
FNDA:0,(anonymous_339)
FNDA:0,(anonymous_340)
FNDA:0,(anonymous_341)
FNDA:0,(anonymous_342)
FNDA:0,(anonymous_343)
FNDA:0,(anonymous_344)
FNDA:0,(anonymous_345)
FNDA:0,(anonymous_346)
FNDA:0,(anonymous_347)
FNDA:0,(anonymous_348)
FNDA:0,(anonymous_349)
FNDA:0,(anonymous_350)
FNDA:0,(anonymous_351)
FNDA:0,(anonymous_352)
FNDA:0,(anonymous_353)
FNDA:0,(anonymous_354)
FNDA:0,run
FNDA:0,(anonymous_356)
FNDA:0,applyAnimationContents
FNDA:0,Browser
FNDA:0,(anonymous_359)
FNDA:0,completeOutstandingRequest
FNDA:0,getHash
FNDA:0,(anonymous_362)
FNDA:0,getCurrentState
FNDA:0,(anonymous_364)
FNDA:0,(anonymous_365)
FNDA:0,cacheStateAndFireUrlChange
FNDA:0,cacheState
FNDA:0,fireUrlChange
FNDA:0,(anonymous_369)
FNDA:0,(anonymous_370)
FNDA:0,(anonymous_371)
FNDA:0,(anonymous_372)
FNDA:0,(anonymous_373)
FNDA:0,(anonymous_374)
FNDA:0,(anonymous_375)
FNDA:0,$BrowserProvider
FNDA:0,(anonymous_377)
FNDA:0,$CacheFactoryProvider
FNDA:0,(anonymous_379)
FNDA:0,cacheFactory
FNDA:0,(anonymous_381)
FNDA:0,(anonymous_382)
FNDA:0,(anonymous_383)
FNDA:0,(anonymous_384)
FNDA:0,(anonymous_385)
FNDA:0,(anonymous_386)
FNDA:0,refresh
FNDA:0,link
FNDA:0,(anonymous_389)
FNDA:0,(anonymous_390)
FNDA:0,(anonymous_391)
FNDA:0,$TemplateCacheProvider
FNDA:0,(anonymous_393)
FNDA:1,UNINITIALIZED_VALUE
FNDA:0,$CompileProvider
FNDA:0,parseIsolateBindings
FNDA:0,(anonymous_397)
FNDA:0,parseDirectiveBindings
FNDA:0,assertValidDirectiveName
FNDA:0,getDirectiveRequire
FNDA:0,(anonymous_401)
FNDA:0,getDirectiveRestrict
FNDA:0,registerDirective
FNDA:0,(anonymous_404)
FNDA:0,(anonymous_405)
FNDA:0,registerComponent
FNDA:0,(anonymous_407)
FNDA:0,factory
FNDA:0,makeInjectable
FNDA:0,(anonymous_410)
FNDA:0,(anonymous_411)
FNDA:0,(anonymous_412)
FNDA:0,(anonymous_413)
FNDA:0,(anonymous_414)
FNDA:0,(anonymous_415)
FNDA:0,(anonymous_416)
FNDA:0,(anonymous_417)
FNDA:0,(anonymous_418)
FNDA:0,(anonymous_419)
FNDA:0,(anonymous_420)
FNDA:0,flushOnChangesQueue
FNDA:0,(anonymous_422)
FNDA:0,Attributes
FNDA:0,(anonymous_424)
FNDA:0,(anonymous_425)
FNDA:0,(anonymous_426)
FNDA:0,(anonymous_427)
FNDA:0,(anonymous_428)
FNDA:0,(anonymous_429)
FNDA:0,(anonymous_430)
FNDA:0,(anonymous_431)
FNDA:0,setSpecialAttr
FNDA:0,safeAddClass
FNDA:0,denormalizeTemplate
FNDA:0,$$addBindingInfo
FNDA:0,$$addBindingClass
FNDA:0,$$addScopeInfo
FNDA:0,$$addScopeClass
FNDA:0,(anonymous_439)
FNDA:0,compile
FNDA:0,publicLinkFn
FNDA:0,detectNamespaceForChildElements
FNDA:0,compileNodes
FNDA:0,compositeLinkFn
FNDA:0,mergeConsecutiveTextNodes
FNDA:0,createBoundTranscludeFn
FNDA:0,boundTranscludeFn
FNDA:0,collectDirectives
FNDA:0,(anonymous_449)
FNDA:0,collectCommentDirectives
FNDA:0,groupScan
FNDA:0,groupElementsLinkFnWrapper
FNDA:0,groupedElementsLink
FNDA:0,compilationGenerator
FNDA:0,lazyCompilation
FNDA:0,applyDirectivesToNode
FNDA:0,(anonymous_457)
FNDA:0,(anonymous_458)
FNDA:0,(anonymous_459)
FNDA:0,addLinkFns
FNDA:0,nodeLinkFn
FNDA:0,(anonymous_462)
FNDA:0,(anonymous_463)
FNDA:0,(anonymous_464)
FNDA:0,(anonymous_465)
FNDA:0,callOnDestroyHook
FNDA:0,(anonymous_467)
FNDA:0,controllersBoundTransclude
FNDA:0,getControllers
FNDA:0,(anonymous_470)
FNDA:0,setupControllers
FNDA:0,markDirectiveScope
FNDA:0,addDirective
FNDA:0,directiveIsMultiElement
FNDA:0,mergeTemplateAttributes
FNDA:0,(anonymous_476)
FNDA:0,(anonymous_477)
FNDA:0,compileTemplateUrl
FNDA:0,(anonymous_479)
FNDA:0,(anonymous_480)
FNDA:0,(anonymous_481)
FNDA:0,delayedNodeLinkFn
FNDA:0,byPriority
FNDA:0,assertNoDuplicate
FNDA:0,wrapModuleNameIfDefined
FNDA:0,addTextInterpolateDirective
FNDA:0,textInterpolateCompileFn
FNDA:0,textInterpolateLinkFn
FNDA:0,interpolateFnWatchAction
FNDA:0,wrapTemplate
FNDA:0,getTrustedContext
FNDA:0,addAttrInterpolateDirective
FNDA:0,(anonymous_493)
FNDA:0,attrInterpolatePreLinkFn
FNDA:0,interpolateFnWatchAction
FNDA:0,replaceWith
FNDA:0,cloneAndAnnotateFn
FNDA:0,(anonymous_498)
FNDA:0,invokeLinkFn
FNDA:0,initializeDirectiveBindings
FNDA:0,initializeBinding
FNDA:0,(anonymous_502)
FNDA:0,simpleCompare
FNDA:0,(anonymous_504)
FNDA:0,parentValueWatch
FNDA:0,parentValueWatchAction
FNDA:0,(anonymous_507)
FNDA:0,recordChanges
FNDA:0,triggerOnChangesHook
FNDA:0,removeWatches
FNDA:0,SimpleChange
FNDA:0,(anonymous_512)
FNDA:27,directiveNormalize
FNDA:0,nodesetLinkingFn
FNDA:0,directiveLinkingFn
FNDA:0,tokenDifference
FNDA:0,removeComments
FNDA:0,identifierForController
FNDA:0,$ControllerProvider
FNDA:0,(anonymous_520)
FNDA:0,(anonymous_521)
FNDA:0,(anonymous_522)
FNDA:0,(anonymous_523)
FNDA:0,$controller
FNDA:0,$controllerInit
FNDA:0,addIdentifier
FNDA:0,$DocumentProvider
FNDA:0,(anonymous_528)
FNDA:0,$$IsDocumentHiddenProvider
FNDA:0,(anonymous_530)
FNDA:0,(anonymous_531)
FNDA:0,changeListener
FNDA:0,(anonymous_533)
FNDA:0,$ExceptionHandlerProvider
FNDA:0,(anonymous_535)
FNDA:0,(anonymous_536)
FNDA:0,(anonymous_537)
FNDA:0,(anonymous_538)
FNDA:0,(anonymous_539)
FNDA:0,serializeValue
FNDA:0,$HttpParamSerializerProvider
FNDA:0,(anonymous_542)
FNDA:0,ngParamSerializer
FNDA:0,(anonymous_544)
FNDA:0,(anonymous_545)
FNDA:0,$HttpParamSerializerJQLikeProvider
FNDA:0,(anonymous_547)
FNDA:0,jQueryLikeParamSerializer
FNDA:0,serialize
FNDA:0,(anonymous_550)
FNDA:0,(anonymous_551)
FNDA:0,defaultHttpResponseTransform
FNDA:0,isJsonLike
FNDA:0,parseHeaders
FNDA:0,fillInParsed
FNDA:0,(anonymous_556)
FNDA:0,(anonymous_557)
FNDA:0,headersGetter
FNDA:0,(anonymous_559)
FNDA:0,transformData
FNDA:0,(anonymous_561)
FNDA:0,isSuccess
FNDA:0,$HttpProvider
FNDA:0,(anonymous_564)
FNDA:0,(anonymous_565)
FNDA:0,(anonymous_566)
FNDA:0,(anonymous_567)
FNDA:0,$http
FNDA:0,(anonymous_569)
FNDA:0,chainInterceptors
FNDA:0,completeOutstandingRequest
FNDA:0,executeHeaderFns
FNDA:0,(anonymous_573)
FNDA:0,mergeHeaders
FNDA:0,serverRequest
FNDA:0,(anonymous_576)
FNDA:0,transformResponse
FNDA:0,createShortMethods
FNDA:0,(anonymous_579)
FNDA:0,(anonymous_580)
FNDA:0,createShortMethodsWithData
FNDA:0,(anonymous_582)
FNDA:0,(anonymous_583)
FNDA:0,sendReq
FNDA:0,createApplyHandlers
FNDA:0,(anonymous_586)
FNDA:0,(anonymous_587)
FNDA:0,callEventHandler
FNDA:0,done
FNDA:0,resolveHttpPromise
FNDA:0,resolvePromise
FNDA:0,resolvePromiseWithResult
FNDA:0,removePendingReq
FNDA:0,buildUrl
FNDA:0,sanitizeJsonpCallbackParam
FNDA:0,$xhrFactoryProvider
FNDA:0,(anonymous_597)
FNDA:0,createXhr
FNDA:0,$HttpBackendProvider
FNDA:0,(anonymous_600)
FNDA:0,createHttpBackend
FNDA:0,(anonymous_602)
FNDA:0,(anonymous_603)
FNDA:0,(anonymous_604)
FNDA:0,requestLoaded
FNDA:0,(anonymous_606)
FNDA:0,(anonymous_607)
FNDA:0,(anonymous_608)
FNDA:0,timeoutRequest
FNDA:0,completeRequest
FNDA:0,jsonpReq
FNDA:0,(anonymous_612)
FNDA:0,(anonymous_613)
FNDA:0,(anonymous_614)
FNDA:0,$InterpolateProvider
FNDA:0,(anonymous_616)
FNDA:0,(anonymous_617)
FNDA:0,(anonymous_618)
FNDA:0,escape
FNDA:0,unescapeText
FNDA:0,constantWatchDelegate
FNDA:0,constantInterpolateWatch
FNDA:0,$interpolate
FNDA:0,(anonymous_624)
FNDA:0,(anonymous_625)
FNDA:0,interpolationFn
FNDA:0,(anonymous_627)
FNDA:0,interpolateFnWatcher
FNDA:0,parseStringifyInterceptor
FNDA:0,(anonymous_630)
FNDA:0,(anonymous_631)
FNDA:0,$IntervalProvider
FNDA:0,(anonymous_633)
FNDA:0,interval
FNDA:0,tick
FNDA:0,callback
FNDA:0,(anonymous_637)
FNDA:0,(anonymous_638)
FNDA:0,(anonymous_639)
FNDA:0,createCallback
FNDA:0,(anonymous_641)
FNDA:0,(anonymous_642)
FNDA:0,(anonymous_643)
FNDA:0,(anonymous_644)
FNDA:0,(anonymous_645)
FNDA:0,encodePath
FNDA:0,parseAbsoluteUrl
FNDA:0,parseAppUrl
FNDA:0,startsWith
FNDA:0,stripBaseUrl
FNDA:0,stripHash
FNDA:0,trimEmptyHash
FNDA:0,stripFile
FNDA:0,serverBase
FNDA:0,LocationHtml5Url
FNDA:0,(anonymous_656)
FNDA:0,(anonymous_657)
FNDA:0,(anonymous_658)
FNDA:0,LocationHashbangUrl
FNDA:0,(anonymous_660)
FNDA:0,removeWindowsDriveName
FNDA:0,(anonymous_662)
FNDA:0,(anonymous_663)
FNDA:0,LocationHashbangInHtml5Url
FNDA:0,(anonymous_665)
FNDA:0,(anonymous_666)
FNDA:0,(anonymous_667)
FNDA:0,(anonymous_668)
FNDA:0,(anonymous_669)
FNDA:0,(anonymous_670)
FNDA:0,(anonymous_671)
FNDA:0,(anonymous_672)
FNDA:3,(anonymous_673)
FNDA:0,(anonymous_674)
FNDA:4,locationGetter
FNDA:0,(anonymous_676)
FNDA:2,locationGetterSetter
FNDA:0,(anonymous_678)
FNDA:0,$LocationProvider
FNDA:0,(anonymous_680)
FNDA:0,(anonymous_681)
FNDA:0,(anonymous_682)
FNDA:0,setBrowserUrlWithFallback
FNDA:0,(anonymous_684)
FNDA:0,(anonymous_685)
FNDA:0,(anonymous_686)
FNDA:0,$locationWatch
FNDA:0,(anonymous_688)
FNDA:0,afterLocationChange
FNDA:0,$LogProvider
FNDA:0,(anonymous_691)
FNDA:0,(anonymous_692)
FNDA:0,(anonymous_693)
FNDA:0,(anonymous_694)
FNDA:0,formatError
FNDA:0,consoleLog
FNDA:0,(anonymous_697)
FNDA:0,(anonymous_698)
FNDA:0,(anonymous_699)
FNDA:0,getStringValue
FNDA:18,(anonymous_701)
FNDA:0,Lexer
FNDA:0,(anonymous_703)
FNDA:0,(anonymous_704)
FNDA:0,(anonymous_705)
FNDA:0,(anonymous_706)
FNDA:0,(anonymous_707)
FNDA:0,(anonymous_708)
FNDA:0,(anonymous_709)
FNDA:0,(anonymous_710)
FNDA:0,(anonymous_711)
FNDA:0,(anonymous_712)
FNDA:0,(anonymous_713)
FNDA:0,(anonymous_714)
FNDA:0,(anonymous_715)
FNDA:0,(anonymous_716)
FNDA:0,(anonymous_717)
FNDA:0,(anonymous_718)
FNDA:0,AST
FNDA:0,(anonymous_720)
FNDA:0,(anonymous_721)
FNDA:0,(anonymous_722)
FNDA:0,(anonymous_723)
FNDA:0,(anonymous_724)
FNDA:0,(anonymous_725)
FNDA:0,(anonymous_726)
FNDA:0,(anonymous_727)
FNDA:0,(anonymous_728)
FNDA:0,(anonymous_729)
FNDA:0,(anonymous_730)
FNDA:0,(anonymous_731)
FNDA:0,(anonymous_732)
FNDA:0,(anonymous_733)
FNDA:0,(anonymous_734)
FNDA:0,(anonymous_735)
FNDA:0,(anonymous_736)
FNDA:0,(anonymous_737)
FNDA:0,(anonymous_738)
FNDA:0,(anonymous_739)
FNDA:0,(anonymous_740)
FNDA:0,(anonymous_741)
FNDA:0,(anonymous_742)
FNDA:0,(anonymous_743)
FNDA:0,(anonymous_744)
FNDA:0,(anonymous_745)
FNDA:0,(anonymous_746)
FNDA:0,ifDefined
FNDA:0,plusFn
FNDA:0,isStateless
FNDA:0,findConstantAndWatchExpressions
FNDA:0,(anonymous_751)
FNDA:0,(anonymous_752)
FNDA:0,(anonymous_753)
FNDA:0,(anonymous_754)
FNDA:0,getInputs
FNDA:0,isAssignable
FNDA:0,assignableAST
FNDA:0,isLiteral
FNDA:0,isConstant
FNDA:0,ASTCompiler
FNDA:0,(anonymous_761)
FNDA:0,(anonymous_762)
FNDA:0,(anonymous_763)
FNDA:0,(anonymous_764)
FNDA:0,(anonymous_765)
FNDA:0,(anonymous_766)
FNDA:0,(anonymous_767)
FNDA:0,(anonymous_768)
FNDA:0,(anonymous_769)
FNDA:0,(anonymous_770)
FNDA:0,(anonymous_771)
FNDA:0,(anonymous_772)
FNDA:0,(anonymous_773)
FNDA:0,(anonymous_774)
FNDA:0,(anonymous_775)
FNDA:0,(anonymous_776)
FNDA:0,(anonymous_777)
FNDA:0,(anonymous_778)
FNDA:0,(anonymous_779)
FNDA:0,(anonymous_780)
FNDA:0,(anonymous_781)
FNDA:0,(anonymous_782)
FNDA:0,(anonymous_783)
FNDA:0,(anonymous_784)
FNDA:0,(anonymous_785)
FNDA:0,(anonymous_786)
FNDA:0,(anonymous_787)
FNDA:0,(anonymous_788)
FNDA:0,(anonymous_789)
FNDA:0,(anonymous_790)
FNDA:0,(anonymous_791)
FNDA:0,(anonymous_792)
FNDA:0,(anonymous_793)
FNDA:0,(anonymous_794)
FNDA:0,(anonymous_795)
FNDA:0,(anonymous_796)
FNDA:0,(anonymous_797)
FNDA:0,(anonymous_798)
FNDA:0,(anonymous_799)
FNDA:0,(anonymous_800)
FNDA:0,(anonymous_801)
FNDA:0,(anonymous_802)
FNDA:0,(anonymous_803)
FNDA:0,(anonymous_804)
FNDA:0,(anonymous_805)
FNDA:0,(anonymous_806)
FNDA:0,(anonymous_807)
FNDA:0,(anonymous_808)
FNDA:0,(anonymous_809)
FNDA:0,(anonymous_810)
FNDA:0,(anonymous_811)
FNDA:0,(anonymous_812)
FNDA:0,(anonymous_813)
FNDA:0,(anonymous_814)
FNDA:0,(anonymous_815)
FNDA:0,(anonymous_816)
FNDA:0,ASTInterpreter
FNDA:0,(anonymous_818)
FNDA:0,(anonymous_819)
FNDA:0,(anonymous_820)
FNDA:0,(anonymous_821)
FNDA:0,(anonymous_822)
FNDA:0,(anonymous_823)
FNDA:0,(anonymous_824)
FNDA:0,(anonymous_825)
FNDA:0,(anonymous_826)
FNDA:0,(anonymous_827)
FNDA:0,(anonymous_828)
FNDA:0,(anonymous_829)
FNDA:0,(anonymous_830)
FNDA:0,(anonymous_831)
FNDA:0,(anonymous_832)
FNDA:0,(anonymous_833)
FNDA:0,(anonymous_834)
FNDA:0,(anonymous_835)
FNDA:0,(anonymous_836)
FNDA:0,(anonymous_837)
FNDA:0,(anonymous_838)
FNDA:0,(anonymous_839)
FNDA:0,(anonymous_840)
FNDA:0,(anonymous_841)
FNDA:0,(anonymous_842)
FNDA:0,(anonymous_843)
FNDA:0,(anonymous_844)
FNDA:0,(anonymous_845)
FNDA:0,(anonymous_846)
FNDA:0,(anonymous_847)
FNDA:0,(anonymous_848)
FNDA:0,(anonymous_849)
FNDA:0,(anonymous_850)
FNDA:0,(anonymous_851)
FNDA:0,(anonymous_852)
FNDA:0,(anonymous_853)
FNDA:0,(anonymous_854)
FNDA:0,(anonymous_855)
FNDA:0,(anonymous_856)
FNDA:0,(anonymous_857)
FNDA:0,(anonymous_858)
FNDA:0,(anonymous_859)
FNDA:0,(anonymous_860)
FNDA:0,(anonymous_861)
FNDA:0,(anonymous_862)
FNDA:0,(anonymous_863)
FNDA:0,(anonymous_864)
FNDA:0,(anonymous_865)
FNDA:0,(anonymous_866)
FNDA:0,(anonymous_867)
FNDA:0,(anonymous_868)
FNDA:0,(anonymous_869)
FNDA:0,(anonymous_870)
FNDA:0,(anonymous_871)
FNDA:0,(anonymous_872)
FNDA:0,(anonymous_873)
FNDA:0,(anonymous_874)
FNDA:0,(anonymous_875)
FNDA:0,(anonymous_876)
FNDA:0,(anonymous_877)
FNDA:0,(anonymous_878)
FNDA:0,(anonymous_879)
FNDA:0,(anonymous_880)
FNDA:0,(anonymous_881)
FNDA:0,(anonymous_882)
FNDA:0,(anonymous_883)
FNDA:0,Parser
FNDA:0,(anonymous_885)
FNDA:0,getValueOf
FNDA:0,$ParseProvider
FNDA:0,(anonymous_888)
FNDA:0,(anonymous_889)
FNDA:0,(anonymous_890)
FNDA:0,$parse
FNDA:0,expressionInputDirtyCheck
FNDA:0,inputsWatchDelegate
FNDA:0,expressionInputWatch
FNDA:0,expressionInputsWatch
FNDA:0,oneTimeWatchDelegate
FNDA:0,oneTimeWatch
FNDA:0,oneTimeListener
FNDA:0,(anonymous_899)
FNDA:0,oneTimeLiteralWatchDelegate
FNDA:0,oneTimeWatch
FNDA:0,oneTimeListener
FNDA:0,(anonymous_903)
FNDA:0,isAllDefined
FNDA:0,(anonymous_905)
FNDA:0,constantWatchDelegate
FNDA:0,constantWatch
FNDA:0,addInterceptor
FNDA:0,regularInterceptedExpression
FNDA:0,oneTimeInterceptedExpression
FNDA:0,$QProvider
FNDA:0,(anonymous_912)
FNDA:0,(anonymous_913)
FNDA:0,(anonymous_914)
FNDA:0,$$QProvider
FNDA:0,(anonymous_916)
FNDA:0,(anonymous_917)
FNDA:0,(anonymous_918)
FNDA:0,qFactory
FNDA:0,defer
FNDA:0,Deferred
FNDA:0,(anonymous_922)
FNDA:0,(anonymous_923)
FNDA:0,(anonymous_924)
FNDA:0,Promise
FNDA:0,(anonymous_926)
FNDA:0,(anonymous_927)
FNDA:0,(anonymous_928)
FNDA:0,(anonymous_929)
FNDA:0,(anonymous_930)
FNDA:0,processQueue
FNDA:0,processChecks
FNDA:0,scheduleProcessQueue
FNDA:0,(anonymous_934)
FNDA:0,resolvePromise
FNDA:0,$$resolve
FNDA:0,doResolve
FNDA:0,doReject
FNDA:0,doNotify
FNDA:0,rejectPromise
FNDA:0,$$reject
FNDA:0,notifyPromise
FNDA:0,(anonymous_943)
FNDA:0,reject
FNDA:0,handleCallback
FNDA:0,(anonymous_946)
FNDA:0,when
FNDA:0,all
FNDA:0,(anonymous_949)
FNDA:0,(anonymous_950)
FNDA:0,(anonymous_951)
FNDA:0,race
FNDA:0,(anonymous_953)
FNDA:0,$Q
FNDA:0,resolveFn
FNDA:0,rejectFn
FNDA:0,$$RAFProvider
FNDA:0,(anonymous_958)
FNDA:0,(anonymous_959)
FNDA:0,(anonymous_960)
FNDA:0,(anonymous_961)
FNDA:0,(anonymous_962)
FNDA:0,$RootScopeProvider
FNDA:0,(anonymous_964)
FNDA:0,createChildScopeClass
FNDA:0,ChildScope
FNDA:0,(anonymous_967)
FNDA:0,destroyChildScope
FNDA:0,cleanUpScope
FNDA:0,Scope
FNDA:0,(anonymous_971)
FNDA:0,(anonymous_972)
FNDA:0,deregisterWatch
FNDA:0,(anonymous_974)
FNDA:0,(anonymous_975)
FNDA:0,deregisterWatchGroup
FNDA:0,watchGroupAction
FNDA:0,(anonymous_978)
FNDA:0,watchGroupSubAction
FNDA:0,watchGroupAction
FNDA:0,deregisterWatchGroup
FNDA:0,(anonymous_982)
FNDA:0,$watchCollectionInterceptor
FNDA:0,$watchCollectionAction
FNDA:0,(anonymous_985)
FNDA:0,(anonymous_986)
FNDA:0,(anonymous_987)
FNDA:0,(anonymous_988)
FNDA:0,(anonymous_989)
FNDA:0,(anonymous_990)
FNDA:0,(anonymous_991)
FNDA:0,(anonymous_992)
FNDA:0,(anonymous_993)
FNDA:0,$applyAsyncExpression
FNDA:0,(anonymous_995)
FNDA:0,(anonymous_996)
FNDA:0,(anonymous_997)
FNDA:0,(anonymous_998)
FNDA:0,(anonymous_999)
FNDA:0,(anonymous_1000)
FNDA:0,(anonymous_1001)
FNDA:0,beginPhase
FNDA:0,clearPhase
FNDA:0,incrementWatchersCount
FNDA:0,decrementListenerCount
FNDA:0,initWatchVal
FNDA:0,flushApplyAsync
FNDA:0,scheduleApplyAsync
FNDA:0,(anonymous_1009)
FNDA:0,$$SanitizeUriProvider
FNDA:0,(anonymous_1011)
FNDA:0,(anonymous_1012)
FNDA:0,(anonymous_1013)
FNDA:0,sanitizeUri
FNDA:0,snakeToCamel
FNDA:0,adjustMatcher
FNDA:0,adjustMatchers
FNDA:0,(anonymous_1018)
FNDA:0,$SceDelegateProvider
FNDA:0,(anonymous_1020)
FNDA:0,(anonymous_1021)
FNDA:0,(anonymous_1022)
FNDA:0,htmlSanitizer
FNDA:0,matchUrl
FNDA:0,isResourceUrlAllowedByPolicy
FNDA:0,generateHolderType
FNDA:0,TrustedValueHolderType
FNDA:0,(anonymous_1028)
FNDA:0,sceValueOf
FNDA:0,sceToString
FNDA:0,trustAs
FNDA:0,valueOf
FNDA:0,getTrusted
FNDA:0,$SceProvider
FNDA:0,(anonymous_1035)
FNDA:0,(anonymous_1036)
FNDA:0,(anonymous_1037)
FNDA:0,(anonymous_1038)
FNDA:0,sceParseAs
FNDA:0,(anonymous_1040)
FNDA:0,(anonymous_1041)
FNDA:0,(anonymous_1042)
FNDA:0,(anonymous_1043)
FNDA:0,(anonymous_1044)
FNDA:0,$SnifferProvider
FNDA:0,(anonymous_1046)
FNDA:0,(anonymous_1047)
FNDA:0,$TemplateRequestProvider
FNDA:0,(anonymous_1049)
FNDA:0,(anonymous_1050)
FNDA:0,handleRequestFn
FNDA:0,(anonymous_1052)
FNDA:0,(anonymous_1053)
FNDA:0,(anonymous_1054)
FNDA:0,handleError
FNDA:0,$$TestabilityProvider
FNDA:0,(anonymous_1057)
FNDA:0,(anonymous_1058)
FNDA:0,(anonymous_1059)
FNDA:0,(anonymous_1060)
FNDA:0,(anonymous_1061)
FNDA:0,(anonymous_1062)
FNDA:0,(anonymous_1063)
FNDA:0,(anonymous_1064)
FNDA:0,$TimeoutProvider
FNDA:0,(anonymous_1066)
FNDA:0,timeout
FNDA:0,(anonymous_1068)
FNDA:0,(anonymous_1069)
FNDA:1,urlResolve
FNDA:0,urlIsSameOrigin
FNDA:0,$WindowProvider
FNDA:0,$$CookieReader
FNDA:0,safeGetCookie
FNDA:0,safeDecodeURIComponent
FNDA:0,(anonymous_1076)
FNDA:0,$$CookieReaderProvider
FNDA:0,$FilterProvider
FNDA:0,register
FNDA:0,(anonymous_1080)
FNDA:0,(anonymous_1081)
FNDA:0,(anonymous_1082)
FNDA:0,filterFilter
FNDA:0,(anonymous_1084)
FNDA:0,createPredicateFn
FNDA:0,(anonymous_1086)
FNDA:0,(anonymous_1087)
FNDA:0,deepCompare
FNDA:0,(anonymous_1089)
FNDA:0,getTypeForFilter
FNDA:0,currencyFilter
FNDA:0,(anonymous_1092)
FNDA:0,numberFilter
FNDA:0,(anonymous_1094)
FNDA:0,parse
FNDA:0,roundNumber
FNDA:0,(anonymous_1097)
FNDA:0,formatNumber
FNDA:0,(anonymous_1099)
FNDA:0,padNumber
FNDA:16,dateGetter
FNDA:0,(anonymous_1102)
FNDA:5,dateStrGetter
FNDA:0,(anonymous_1104)
FNDA:0,timeZoneGetter
FNDA:0,getFirstThursdayOfYear
FNDA:0,getThursdayThisWeek
FNDA:2,weekGetter
FNDA:0,(anonymous_1109)
FNDA:0,ampmGetter
FNDA:0,eraGetter
FNDA:0,longEraGetter
FNDA:0,dateFilter
FNDA:0,jsonStringToDate
FNDA:0,(anonymous_1115)
FNDA:0,(anonymous_1116)
FNDA:0,jsonFilter
FNDA:0,(anonymous_1118)
FNDA:0,limitToFilter
FNDA:0,(anonymous_1120)
FNDA:0,sliceFn
FNDA:0,orderByFilter
FNDA:0,(anonymous_1123)
FNDA:0,(anonymous_1124)
FNDA:0,getComparisonObject
FNDA:0,(anonymous_1126)
FNDA:0,doComparison
FNDA:0,processPredicates
FNDA:0,(anonymous_1129)
FNDA:0,(anonymous_1130)
FNDA:0,isPrimitive
FNDA:0,objectValue
FNDA:0,getPredicateValue
FNDA:0,defaultCompare
FNDA:6,ngDirective
FNDA:0,(anonymous_1136)
FNDA:0,(anonymous_1137)
FNDA:0,(anonymous_1138)
FNDA:7,(anonymous_1139)
FNDA:0,defaultLinkFn
FNDA:0,ngBooleanAttrWatchAction
FNDA:0,(anonymous_1142)
FNDA:0,(anonymous_1143)
FNDA:6,(anonymous_1144)
FNDA:0,(anonymous_1145)
FNDA:0,(anonymous_1146)
FNDA:0,ngAttrAliasWatchAction
FNDA:3,(anonymous_1148)
FNDA:0,(anonymous_1149)
FNDA:0,(anonymous_1150)
FNDA:0,(anonymous_1151)
FNDA:0,nullFormRenameControl
FNDA:0,FormController
FNDA:0,(anonymous_1154)
FNDA:0,(anonymous_1155)
FNDA:0,(anonymous_1156)
FNDA:0,(anonymous_1157)
FNDA:0,(anonymous_1158)
FNDA:0,(anonymous_1159)
FNDA:0,(anonymous_1160)
FNDA:0,(anonymous_1161)
FNDA:0,(anonymous_1162)
FNDA:0,(anonymous_1163)
FNDA:0,(anonymous_1164)
FNDA:0,(anonymous_1165)
FNDA:0,(anonymous_1166)
FNDA:0,(anonymous_1167)
FNDA:0,(anonymous_1168)
FNDA:0,(anonymous_1169)
FNDA:0,(anonymous_1170)
FNDA:0,(anonymous_1171)
FNDA:2,(anonymous_1172)
FNDA:0,(anonymous_1173)
FNDA:0,ngFormCompile
FNDA:0,ngFormPreLink
FNDA:0,(anonymous_1176)
FNDA:0,(anonymous_1177)
FNDA:0,(anonymous_1178)
FNDA:0,(anonymous_1179)
FNDA:0,(anonymous_1180)
FNDA:0,(anonymous_1181)
FNDA:0,getSetter
FNDA:0,setupValidity
FNDA:2,addSetValidityMethod
FNDA:0,(anonymous_1185)
FNDA:0,createAndSet
FNDA:0,unsetAndCleanup
FNDA:0,cachedToggleClass
FNDA:0,toggleValidationCss
FNDA:0,isObjectEmpty
FNDA:5,(anonymous_1191)
FNDA:0,stringBasedInputType
FNDA:0,(anonymous_1193)
FNDA:0,textInputType
FNDA:0,baseInputType
FNDA:0,(anonymous_1196)
FNDA:0,(anonymous_1197)
FNDA:0,(anonymous_1198)
FNDA:0,(anonymous_1199)
FNDA:0,(anonymous_1200)
FNDA:0,(anonymous_1201)
FNDA:0,(anonymous_1202)
FNDA:0,(anonymous_1203)
FNDA:0,(anonymous_1204)
FNDA:0,weekParser
FNDA:4,createDateParser
FNDA:0,(anonymous_1207)
FNDA:0,(anonymous_1208)
FNDA:5,createDateInputType
FNDA:0,dynamicDateInputType
FNDA:0,(anonymous_1211)
FNDA:0,(anonymous_1212)
FNDA:0,(anonymous_1213)
FNDA:0,(anonymous_1214)
FNDA:0,(anonymous_1215)
FNDA:0,(anonymous_1216)
FNDA:0,isValidDate
FNDA:0,parseObservedDateValue
FNDA:0,badInputChecker
FNDA:0,(anonymous_1220)
FNDA:0,numberFormatterParser
FNDA:0,(anonymous_1222)
FNDA:0,(anonymous_1223)
FNDA:0,parseNumberAttrVal
FNDA:0,isNumberInteger
FNDA:0,countDecimals
FNDA:0,isValidForStep
FNDA:0,numberInputType
FNDA:0,(anonymous_1229)
FNDA:0,(anonymous_1230)
FNDA:0,(anonymous_1231)
FNDA:0,(anonymous_1232)
FNDA:0,(anonymous_1233)
FNDA:0,(anonymous_1234)
FNDA:0,rangeInputType
FNDA:0,rangeRender
FNDA:0,noopMinValidator
FNDA:0,minValidator
FNDA:0,noopMaxValidator
FNDA:0,maxValidator
FNDA:0,nativeStepValidator
FNDA:0,stepValidator
FNDA:0,setInitialValueAndObserver
FNDA:0,minChange
FNDA:0,maxChange
FNDA:0,stepChange
FNDA:0,urlInputType
FNDA:0,(anonymous_1248)
FNDA:0,emailInputType
FNDA:0,(anonymous_1250)
FNDA:0,radioInputType
FNDA:0,(anonymous_1252)
FNDA:0,(anonymous_1253)
FNDA:0,parseConstantExpr
FNDA:0,checkboxInputType
FNDA:0,(anonymous_1256)
FNDA:0,(anonymous_1257)
FNDA:0,(anonymous_1258)
FNDA:0,(anonymous_1259)
FNDA:0,(anonymous_1260)
FNDA:0,(anonymous_1261)
FNDA:0,(anonymous_1262)
FNDA:0,(anonymous_1263)
FNDA:0,updateElementValue
FNDA:0,(anonymous_1265)
FNDA:0,ngValueConstantLink
FNDA:0,ngValueLink
FNDA:0,valueWatchAction
FNDA:0,(anonymous_1269)
FNDA:0,ngBindCompile
FNDA:0,ngBindLink
FNDA:0,ngBindWatchAction
FNDA:0,(anonymous_1273)
FNDA:0,ngBindTemplateCompile
FNDA:0,ngBindTemplateLink
FNDA:0,(anonymous_1276)
FNDA:0,(anonymous_1277)
FNDA:0,ngBindHtmlCompile
FNDA:0,sceValueOf
FNDA:0,ngBindHtmlLink
FNDA:0,ngBindHtmlWatchAction
FNDA:0,(anonymous_1282)
FNDA:0,(anonymous_1283)
FNDA:3,classDirective
FNDA:0,(anonymous_1285)
FNDA:0,(anonymous_1286)
FNDA:0,moduloTwo
FNDA:0,addClasses
FNDA:0,removeClasses
FNDA:0,updateClasses
FNDA:0,digestClassCounts
FNDA:0,(anonymous_1292)
FNDA:0,ngClassIndexWatchAction
FNDA:0,ngClassOneTimeWatchAction
FNDA:0,ngClassWatchAction
FNDA:0,arrayDifference
FNDA:0,split
FNDA:0,toClassString
FNDA:0,(anonymous_1299)
FNDA:0,toFlatValue
FNDA:0,(anonymous_1301)
FNDA:0,(anonymous_1302)
FNDA:0,(anonymous_1303)
FNDA:18,(anonymous_1304)
FNDA:0,(anonymous_1305)
FNDA:0,(anonymous_1306)
FNDA:0,ngEventHandler
FNDA:0,(anonymous_1308)
FNDA:0,(anonymous_1309)
FNDA:0,(anonymous_1310)
FNDA:0,(anonymous_1311)
FNDA:0,ngIfWatchAction
FNDA:0,(anonymous_1313)
FNDA:0,(anonymous_1314)
FNDA:0,(anonymous_1315)
FNDA:0,(anonymous_1316)
FNDA:0,(anonymous_1317)
FNDA:0,(anonymous_1318)
FNDA:0,(anonymous_1319)
FNDA:0,ngIncludeWatchAction
FNDA:0,(anonymous_1321)
FNDA:0,(anonymous_1322)
FNDA:0,(anonymous_1323)
FNDA:0,(anonymous_1324)
FNDA:0,(anonymous_1325)
FNDA:0,(anonymous_1326)
FNDA:0,namespaceAdaptedClone
FNDA:0,(anonymous_1328)
FNDA:0,(anonymous_1329)
FNDA:0,(anonymous_1330)
FNDA:0,(anonymous_1331)
FNDA:0,(anonymous_1332)
FNDA:0,(anonymous_1333)
FNDA:0,(anonymous_1334)
FNDA:0,(anonymous_1335)
FNDA:0,NgModelController
FNDA:0,(anonymous_1337)
FNDA:0,(anonymous_1338)
FNDA:0,(anonymous_1339)
FNDA:0,(anonymous_1340)
FNDA:0,(anonymous_1341)
FNDA:0,(anonymous_1342)
FNDA:0,(anonymous_1343)
FNDA:0,(anonymous_1344)
FNDA:0,(anonymous_1345)
FNDA:0,(anonymous_1346)
FNDA:0,(anonymous_1347)
FNDA:0,(anonymous_1348)
FNDA:0,(anonymous_1349)
FNDA:0,processParseErrors
FNDA:0,(anonymous_1351)
FNDA:0,(anonymous_1352)
FNDA:0,processSyncValidators
FNDA:0,(anonymous_1354)
FNDA:0,(anonymous_1355)
FNDA:0,processAsyncValidators
FNDA:0,(anonymous_1357)
FNDA:0,(anonymous_1358)
FNDA:0,(anonymous_1359)
FNDA:0,(anonymous_1360)
FNDA:0,setValidity
FNDA:0,validationDone
FNDA:0,(anonymous_1363)
FNDA:0,(anonymous_1364)
FNDA:0,(anonymous_1365)
FNDA:0,writeToModelIfNeeded
FNDA:0,(anonymous_1367)
FNDA:0,(anonymous_1368)
FNDA:0,(anonymous_1369)
FNDA:0,(anonymous_1370)
FNDA:0,(anonymous_1371)
FNDA:0,(anonymous_1372)
FNDA:0,setupModelWatcher
FNDA:0,ngModelWatch
FNDA:0,(anonymous_1375)
FNDA:0,(anonymous_1376)
FNDA:0,(anonymous_1377)
FNDA:0,ngModelCompile
FNDA:0,ngModelPreLink
FNDA:0,(anonymous_1380)
FNDA:0,(anonymous_1381)
FNDA:0,ngModelPostLink
FNDA:0,(anonymous_1383)
FNDA:0,setTouched
FNDA:0,(anonymous_1385)
FNDA:1,ModelOptions
FNDA:0,(anonymous_1387)
FNDA:0,(anonymous_1388)
FNDA:0,(anonymous_1389)
FNDA:0,(anonymous_1390)
FNDA:0,(anonymous_1391)
FNDA:0,NgModelOptionsController
FNDA:0,(anonymous_1393)
FNDA:0,defaults
FNDA:0,(anonymous_1395)
FNDA:0,(anonymous_1396)
FNDA:0,parseOptionsExpression
FNDA:0,(anonymous_1398)
FNDA:0,getHashOfValue
FNDA:0,(anonymous_1400)
FNDA:0,(anonymous_1401)
FNDA:0,(anonymous_1402)
FNDA:0,Option
FNDA:0,getOptionValuesKeys
FNDA:0,(anonymous_1405)
FNDA:0,(anonymous_1406)
FNDA:0,(anonymous_1407)
FNDA:0,(anonymous_1408)
FNDA:0,ngOptionsPostLink
FNDA:0,(anonymous_1410)
FNDA:0,writeNgOptionsValue
FNDA:0,readNgOptionsValue
FNDA:0,(anonymous_1413)
FNDA:0,(anonymous_1414)
FNDA:0,writeNgOptionsMultiple
FNDA:0,(anonymous_1416)
FNDA:0,readNgOptionsMultiple
FNDA:0,(anonymous_1418)
FNDA:0,(anonymous_1419)
FNDA:0,(anonymous_1420)
FNDA:0,(anonymous_1421)
FNDA:0,(anonymous_1422)
FNDA:0,(anonymous_1423)
FNDA:0,addOptionElement
FNDA:0,getAndUpdateSelectedOption
FNDA:0,updateOptionElement
FNDA:0,updateOptions
FNDA:0,addOption
FNDA:0,ngOptionsPreLink
FNDA:0,(anonymous_1430)
FNDA:0,(anonymous_1431)
FNDA:0,(anonymous_1432)
FNDA:0,(anonymous_1433)
FNDA:0,ngPluralizeWatchAction
FNDA:0,updateElementText
FNDA:0,(anonymous_1436)
FNDA:0,(anonymous_1437)
FNDA:0,(anonymous_1438)
FNDA:0,(anonymous_1439)
FNDA:0,ngRepeatCompile
FNDA:0,(anonymous_1441)
FNDA:0,(anonymous_1442)
FNDA:0,ngRepeatLink
FNDA:0,(anonymous_1444)
FNDA:0,ngRepeatAction
FNDA:0,(anonymous_1446)
FNDA:0,ngRepeatTransclude
FNDA:0,(anonymous_1448)
FNDA:0,(anonymous_1449)
FNDA:0,ngShowWatchAction
FNDA:0,(anonymous_1451)
FNDA:0,(anonymous_1452)
FNDA:0,ngHideWatchAction
FNDA:0,(anonymous_1454)
FNDA:0,ngStyleWatchAction
FNDA:0,(anonymous_1456)
FNDA:0,(anonymous_1457)
FNDA:0,NgSwitchController
FNDA:0,(anonymous_1459)
FNDA:0,(anonymous_1460)
FNDA:0,(anonymous_1461)
FNDA:0,ngSwitchWatchAction
FNDA:0,(anonymous_1463)
FNDA:0,(anonymous_1464)
FNDA:0,(anonymous_1465)
FNDA:0,(anonymous_1466)
FNDA:0,(anonymous_1467)
FNDA:0,(anonymous_1468)
FNDA:0,(anonymous_1469)
FNDA:0,ngTranscludeCompile
FNDA:0,ngTranscludePostLink
FNDA:0,ngTranscludeCloneAttachFn
FNDA:0,useFallbackContent
FNDA:0,(anonymous_1474)
FNDA:0,notWhitespace
FNDA:0,(anonymous_1476)
FNDA:0,(anonymous_1477)
FNDA:0,(anonymous_1478)
FNDA:0,(anonymous_1479)
FNDA:0,(anonymous_1480)
FNDA:0,(anonymous_1481)
FNDA:0,(anonymous_1482)
FNDA:0,(anonymous_1483)
FNDA:0,(anonymous_1484)
FNDA:0,(anonymous_1485)
FNDA:0,readSingleValue
FNDA:0,writeSingleValue
FNDA:0,(anonymous_1488)
FNDA:0,(anonymous_1489)
FNDA:0,(anonymous_1490)
FNDA:0,scheduleRender
FNDA:0,(anonymous_1492)
FNDA:0,scheduleViewValueUpdate
FNDA:0,(anonymous_1494)
FNDA:0,(anonymous_1495)
FNDA:0,valueAttributeObserveAction
FNDA:0,valueAttributeObserveAction
FNDA:0,interpolateWatchAction
FNDA:0,(anonymous_1499)
FNDA:0,(anonymous_1500)
FNDA:0,setOptionAsSelected
FNDA:0,(anonymous_1502)
FNDA:0,selectPreLink
FNDA:0,(anonymous_1504)
FNDA:0,(anonymous_1505)
FNDA:0,readMultipleValue
FNDA:0,(anonymous_1507)
FNDA:0,writeMultipleValue
FNDA:0,(anonymous_1509)
FNDA:0,selectMultipleWatch
FNDA:0,(anonymous_1511)
FNDA:0,selectPostLink
FNDA:0,(anonymous_1513)
FNDA:0,(anonymous_1514)
FNDA:0,(anonymous_1515)
FNDA:0,(anonymous_1516)
FNDA:0,(anonymous_1517)
FNDA:0,(anonymous_1518)
FNDA:0,(anonymous_1519)
FNDA:0,(anonymous_1520)
FNDA:0,(anonymous_1521)
FNDA:0,(anonymous_1522)
FNDA:0,(anonymous_1523)
FNDA:0,(anonymous_1524)
FNDA:0,(anonymous_1525)
[...]
BRDA:25171,2008,1,0
BRDA:25172,2009,0,0
BRDA:25172,2009,1,0
BRDA:25184,2010,0,0
BRDA:25184,2010,1,0
BRDA:25185,2011,0,0
BRDA:25185,2011,1,0
BRDA:25190,2012,0,0
BRDA:25190,2012,1,0
BRDA:25192,2013,0,0
BRDA:25192,2013,1,0
BRDA:25198,2014,0,0
BRDA:25198,2014,1,0
BRDA:25200,2015,0,0
BRDA:25200,2015,1,0
BRDA:25203,2016,0,0
BRDA:25203,2016,1,0
BRDA:25211,2017,0,0
BRDA:25211,2017,1,0
BRDA:25222,2018,0,0
BRDA:25222,2018,1,0
BRDA:25224,2019,0,0
BRDA:25224,2019,1,0
BRDA:25238,2020,0,0
BRDA:25238,2020,1,0
BRDA:25259,2021,0,0
BRDA:25259,2021,1,0
BRDA:25458,2022,0,0
BRDA:25458,2022,1,0
BRDA:25459,2023,0,0
BRDA:25459,2023,1,0
BRDA:25541,2024,0,0
BRDA:25541,2024,1,0
BRDA:25685,2025,0,0
BRDA:25685,2025,1,0
BRDA:25757,2026,0,0
BRDA:25757,2026,1,0
BRDA:25856,2027,0,0
BRDA:25856,2027,1,0
BRDA:25858,2028,0,0
BRDA:25858,2028,1,0
BRDA:25860,2029,0,0
BRDA:25860,2029,1,0
BRDA:25866,2030,0,0
BRDA:25866,2030,1,0
BRDA:25873,2031,0,0
BRDA:25873,2031,1,0
BRDA:25874,2032,0,0
BRDA:25874,2032,1,0
BRDA:25914,2033,0,0
BRDA:25914,2033,1,0
BRDA:25914,2034,0,0
BRDA:25914,2034,1,0
BRDA:25915,2035,0,0
BRDA:25915,2035,1,0
BRDA:25916,2036,0,0
BRDA:25916,2036,1,0
BRDA:25929,2037,0,0
BRDA:25929,2037,1,0
BRDA:25941,2038,0,0
BRDA:25941,2038,1,0
BRDA:25947,2039,0,0
BRDA:25947,2039,1,0
BRDA:25959,2040,0,0
BRDA:25959,2040,1,0
BRDA:25959,2041,0,0
BRDA:25959,2041,1,0
BRDA:25960,2042,0,0
BRDA:25960,2042,1,0
BRDA:25960,2043,0,0
BRDA:25960,2043,1,0
BRDA:25968,2044,0,0
BRDA:25968,2044,1,0
BRDA:25977,2045,0,0
BRDA:25977,2045,1,0
BRDA:25983,2046,0,0
BRDA:25983,2046,1,0
BRDA:25985,2047,0,0
BRDA:25985,2047,1,0
BRDA:25997,2048,0,0
BRDA:25997,2048,1,0
BRDA:25999,2049,0,0
BRDA:25999,2049,1,0
BRDA:26005,2050,0,0
BRDA:26005,2050,1,0
BRDA:26005,2051,0,0
BRDA:26005,2051,1,0
BRDA:26012,2052,0,0
BRDA:26012,2052,1,0
BRDA:26871,2053,0,0
BRDA:26871,2053,1,0
BRDA:26871,2054,0,0
BRDA:26871,2054,1,0
BRDA:27382,2055,0,0
BRDA:27382,2055,1,0
BRDA:27383,2056,0,0
BRDA:27383,2056,1,0
BRDA:27397,2057,0,0
BRDA:27397,2057,1,0
BRDA:27401,2058,0,0
BRDA:27401,2058,1,0
BRDA:27405,2059,0,0
BRDA:27405,2059,1,0
BRDA:27408,2060,0,0
BRDA:27408,2060,1,0
BRDA:27612,2061,0,0
BRDA:27612,2061,1,0
BRDA:27613,2062,0,0
BRDA:27613,2062,1,0
BRDA:27623,2063,0,0
BRDA:27623,2063,1,0
BRDA:27627,2064,0,0
BRDA:27627,2064,1,0
BRDA:27631,2065,0,0
BRDA:27631,2065,1,0
BRDA:27633,2066,0,0
BRDA:27633,2066,1,0
BRDA:27642,2067,0,0
BRDA:27642,2067,1,0
BRDA:27642,2068,0,0
BRDA:27642,2068,1,0
BRDA:27642,2068,2,0
BRDA:27642,2068,3,0
BRDA:27649,2069,0,0
BRDA:27649,2069,1,0
BRDA:27653,2070,0,0
BRDA:27653,2070,1,0
BRDA:27655,2071,0,0
BRDA:27655,2071,1,0
BRDA:27676,2072,0,0
BRDA:27676,2072,1,0
BRDA:27678,2073,0,0
BRDA:27678,2073,1,0
BRDA:27706,2074,0,0
BRDA:27706,2074,1,0
BRDA:27883,2075,0,0
BRDA:27883,2075,1,0
BRDA:27885,2076,0,0
BRDA:27885,2076,1,0
BRDA:27889,2077,0,0
BRDA:27889,2077,1,0
BRDA:27893,2078,0,0
BRDA:27893,2078,1,0
BRDA:27895,2079,0,0
BRDA:27895,2079,1,0
BRDA:27895,2080,0,0
BRDA:27895,2080,1,0
BRDA:27904,2081,0,0
BRDA:27904,2081,1,0
BRDA:27913,2082,0,0
BRDA:27913,2082,1,0
BRDA:28162,2083,0,0
BRDA:28162,2083,1,0
BRDA:28190,2084,0,0
BRDA:28190,2084,1,0
BRDA:28196,2085,0,0
BRDA:28196,2085,1,0
BRDA:28202,2086,0,0
BRDA:28202,2086,1,0
BRDA:28208,2087,0,0
BRDA:28208,2087,1,0
BRDA:28257,2088,0,0
BRDA:28257,2088,1,0
BRDA:28257,2088,2,0
BRDA:28257,2088,3,0
BRDA:28261,2089,0,0
BRDA:28261,2089,1,0
BRDA:28450,2090,0,0
BRDA:28450,2090,1,0
BRDA:28470,2091,0,0
BRDA:28470,2091,1,0
BRDA:28470,2092,0,0
BRDA:28470,2092,1,0
BRDA:28475,2093,0,0
BRDA:28475,2093,1,0
BRDA:28477,2094,0,0
BRDA:28477,2094,1,0
BRDA:28490,2095,0,0
BRDA:28490,2095,1,0
BRDA:28494,2096,0,0
BRDA:28494,2096,1,0
BRDA:28501,2097,0,0
BRDA:28501,2097,1,0
BRDA:28502,2098,0,0
BRDA:28502,2098,1,0
BRDA:28505,2099,0,0
BRDA:28505,2099,1,0
BRDA:28524,2100,0,0
BRDA:28524,2100,1,0
BRDA:28527,2101,0,0
BRDA:28527,2101,1,0
BRDA:28541,2102,0,0
BRDA:28541,2102,1,0
BRDA:28553,2103,0,0
BRDA:28553,2103,1,0
BRDA:28563,2104,0,0
BRDA:28563,2104,1,0
BRDA:28569,2105,0,0
BRDA:28569,2105,1,0
BRDA:28595,2106,0,0
BRDA:28595,2106,1,0
BRDA:28595,2107,0,0
BRDA:28595,2107,1,0
BRDA:28595,2107,2,0
BRDA:28602,2108,0,0
BRDA:28602,2108,1,0
BRDA:28613,2109,0,0
BRDA:28613,2109,1,0
BRDA:28615,2110,0,0
BRDA:28615,2110,1,0
BRDA:28618,2111,0,0
BRDA:28618,2111,1,0
BRDA:28624,2112,0,0
BRDA:28624,2112,1,0
BRDA:28632,2113,0,0
BRDA:28632,2113,1,0
BRDA:28640,2114,0,0
BRDA:28640,2114,1,0
BRDA:28645,2115,0,0
BRDA:28645,2115,1,0
BRDA:28651,2116,0,0
BRDA:28651,2116,1,0
BRDA:28721,2117,0,0
BRDA:28721,2117,1,0
BRDA:28729,2118,0,0
BRDA:28729,2118,1,0
BRDA:28731,2119,0,0
BRDA:28731,2119,1,0
BRDA:28737,2120,0,0
BRDA:28737,2120,1,0
BRDA:28741,2121,0,0
BRDA:28741,2121,1,0
BRDA:28765,2122,0,0
BRDA:28765,2122,1,0
BRDA:28765,2123,0,0
BRDA:28765,2123,1,0
BRDA:28765,2123,2,0
BRDA:28780,2124,0,0
BRDA:28780,2124,1,0
BRDA:29030,2125,0,0
BRDA:29030,2125,1,0
BRDA:29033,2126,0,0
BRDA:29033,2126,1,0
BRDA:29043,2127,0,0
BRDA:29043,2127,1,0
BRDA:29054,2128,0,0
BRDA:29054,2128,1,0
BRDA:29056,2129,0,0
BRDA:29056,2129,1,0
BRDA:29065,2130,0,0
BRDA:29065,2130,1,0
BRDA:29067,2131,0,0
BRDA:29067,2131,1,0
BRDA:29121,2132,0,0
BRDA:29121,2132,1,0
BRDA:29122,2133,0,0
BRDA:29122,2133,1,0
BRDA:29127,2134,0,0
BRDA:29127,2134,1,0
BRDA:29132,2135,0,0
BRDA:29132,2135,1,0
BRDA:29144,2136,0,0
BRDA:29144,2136,1,0
BRDA:29417,2137,0,0
BRDA:29417,2137,1,0
BRDA:29438,2138,0,0
BRDA:29438,2138,1,0
BRDA:29729,2139,0,0
BRDA:29729,2139,1,0
BRDA:29740,2140,0,0
BRDA:29740,2140,1,0
BRDA:29745,2141,0,0
BRDA:29745,2141,1,0
BRDA:29749,2142,0,0
BRDA:29749,2142,1,0
BRDA:29750,2143,0,0
BRDA:29750,2143,1,0
BRDA:29751,2144,0,0
BRDA:29751,2144,1,0
BRDA:29752,2145,0,0
BRDA:29752,2145,1,0
BRDA:29757,2146,0,0
BRDA:29757,2146,1,0
BRDA:29764,2147,0,0
BRDA:29764,2147,1,0
BRDA:29765,2148,0,0
BRDA:29765,2148,1,0
BRDA:29766,2149,0,0
BRDA:29766,2149,1,0
BRDA:29770,2150,0,0
BRDA:29770,2150,1,0
BRDA:29791,2151,0,0
BRDA:29791,2151,1,0
BRDA:29791,2152,0,0
BRDA:29791,2152,1,0
BRDA:29797,2153,0,0
BRDA:29797,2153,1,0
BRDA:29797,2154,0,0
BRDA:29797,2154,1,0
BRDA:29813,2155,0,0
BRDA:29813,2155,1,0
BRDA:29818,2156,0,0
BRDA:29818,2156,1,0
BRDA:29826,2157,0,0
BRDA:29826,2157,1,0
BRDA:29826,2158,0,0
BRDA:29826,2158,1,0
BRDA:29832,2159,0,0
BRDA:29832,2159,1,0
BRDA:29847,2160,0,0
BRDA:29847,2160,1,0
BRDA:29852,2161,0,0
BRDA:29852,2161,1,0
BRDA:29875,2162,0,0
BRDA:29875,2162,1,0
BRDA:29897,2163,0,0
BRDA:29897,2163,1,0
BRDA:29922,2164,0,0
BRDA:29922,2164,1,0
BRDA:29930,2165,0,0
BRDA:29930,2165,1,0
BRDA:29932,2166,0,0
BRDA:29932,2166,1,0
BRDA:29938,2167,0,0
BRDA:29938,2167,1,0
BRDA:29949,2168,0,0
BRDA:29949,2168,1,0
BRDA:29951,2169,0,0
BRDA:29951,2169,1,0
BRDA:29963,2170,0,0
BRDA:29963,2170,1,0
BRDA:29963,2171,0,0
BRDA:29963,2171,1,0
BRDA:29974,2172,0,0
BRDA:29974,2172,1,0
BRDA:29987,2173,0,0
BRDA:29987,2173,1,0
BRDA:29987,2173,2,0
BRDA:29990,2174,0,0
BRDA:29990,2174,1,0
BRDA:29990,2175,0,0
BRDA:29990,2175,1,0
BRDA:29998,2176,0,0
BRDA:29998,2176,1,0
BRDA:30003,2177,0,0
BRDA:30003,2177,1,0
BRDA:30003,2178,0,0
BRDA:30003,2178,1,0
BRDA:30011,2179,0,0
BRDA:30011,2179,1,0
BRDA:30014,2180,0,0
BRDA:30014,2180,1,0
BRDA:30026,2181,0,0
BRDA:30026,2181,1,0
BRDA:30035,2182,0,0
BRDA:30035,2182,1,0
BRDA:30044,2183,0,0
BRDA:30044,2183,1,0
BRDA:30085,2184,0,0
BRDA:30085,2184,1,0
BRDA:30087,2185,0,0
BRDA:30087,2185,1,0
BRDA:30087,2186,0,0
BRDA:30087,2186,1,0
BRDA:30100,2187,0,0
BRDA:30100,2187,1,0
BRDA:30108,2188,0,0
BRDA:30108,2188,1,0
BRDA:30115,2189,0,0
BRDA:30115,2189,1,0
BRDA:30119,2190,0,0
BRDA:30119,2190,1,0
BRDA:30132,2191,0,0
BRDA:30132,2191,1,0
BRDA:30139,2192,0,0
BRDA:30139,2192,1,0
BRDA:30145,2193,0,0
BRDA:30145,2193,1,0
BRDA:30152,2194,0,0
BRDA:30152,2194,1,0
BRDA:30172,2195,0,0
BRDA:30172,2195,1,0
BRDA:30174,2196,0,0
BRDA:30174,2196,1,0
BRDA:30175,2197,0,0
BRDA:30175,2197,1,0
BRDA:30175,2198,0,0
BRDA:30175,2198,1,0
BRDA:30382,2199,0,0
BRDA:30382,2199,1,0
BRDA:30383,2200,0,0
BRDA:30383,2200,1,0
BRDA:30384,2201,0,0
BRDA:30384,2201,1,0
BRDA:30394,2202,0,0
BRDA:30394,2202,1,0
BRDA:30395,2203,0,0
BRDA:30395,2203,1,0
BRDA:30408,2204,0,0
BRDA:30408,2204,1,0
BRDA:30408,2205,0,0
BRDA:30408,2205,1,0
BRDA:30416,2206,0,0
BRDA:30416,2206,1,0
BRDA:30416,2207,0,0
BRDA:30416,2207,1,0
BRDA:30416,2208,0,0
BRDA:30416,2208,1,0
BRDA:30419,2209,0,0
BRDA:30419,2209,1,0
BRDA:30420,2210,0,0
BRDA:30420,2210,1,0
BRDA:30433,2211,0,0
BRDA:30433,2211,1,0
BRDA:30782,2212,0,0
BRDA:30782,2212,1,0
BRDA:30786,2213,0,0
BRDA:30786,2213,1,0
BRDA:30813,2214,0,0
BRDA:30813,2214,1,0
BRDA:30825,2215,0,0
BRDA:30825,2215,1,0
BRDA:30829,2216,0,0
BRDA:30829,2216,1,0
BRDA:30832,2217,0,0
BRDA:30832,2217,1,0
BRDA:30832,2218,0,0
BRDA:30832,2218,1,0
BRDA:30832,2218,2,0
BRDA:30841,2219,0,0
BRDA:30841,2219,1,0
BRDA:30854,2220,0,0
BRDA:30854,2220,1,0
BRDA:30857,2221,0,0
BRDA:30857,2221,1,0
BRDA:30892,2222,0,0
BRDA:30892,2222,1,0
BRDA:30896,2223,0,0
BRDA:30896,2223,1,0
BRDA:30898,2224,0,0
BRDA:30898,2224,1,0
BRDA:30900,2225,0,0
BRDA:30900,2225,1,0
BRDA:30904,2226,0,0
BRDA:30904,2226,1,0
BRDA:30904,2227,0,0
BRDA:30904,2227,1,0
BRDA:30915,2228,0,0
BRDA:30915,2228,1,0
BRDA:30918,2229,0,0
BRDA:30918,2229,1,0
BRDA:30924,2230,0,0
BRDA:30924,2230,1,0
BRDA:30927,2231,0,0
BRDA:30927,2231,1,0
BRDA:30927,2232,0,0
BRDA:30927,2232,1,0
BRDA:30944,2233,0,0
BRDA:30944,2233,1,0
BRDA:30956,2234,0,0
BRDA:30956,2234,1,0
BRDA:30960,2235,0,0
BRDA:30960,2235,1,0
BRDA:30969,2236,0,0
BRDA:30969,2236,1,0
BRDA:30971,2237,0,0
BRDA:30971,2237,1,0
BRDA:31172,2238,0,0
BRDA:31172,2238,1,0
BRDA:31334,2239,0,0
BRDA:31334,2239,1,0
BRDA:31395,2240,0,0
BRDA:31395,2240,1,0
BRDA:31395,2241,0,0
BRDA:31395,2241,1,0
BRDA:31398,2242,0,0
BRDA:31398,2242,1,0
BRDA:31548,2243,0,0
BRDA:31548,2243,1,0
BRDA:31556,2244,0,0
BRDA:31556,2244,1,0
BRDA:31578,2245,0,0
BRDA:31578,2245,1,0
BRDA:31578,2246,0,0
BRDA:31578,2246,1,0
BRDA:31609,2247,0,0
BRDA:31609,2247,1,0
BRDA:31621,2248,0,0
BRDA:31621,2248,1,0
BRDA:31797,2249,0,0
BRDA:31797,2249,1,0
BRDA:31807,2250,0,0
BRDA:31807,2250,1,0
BRDA:31810,2251,0,0
BRDA:31810,2251,1,0
BRDA:31816,2252,0,0
BRDA:31816,2252,1,0
BRDA:31816,2253,0,0
BRDA:31816,2253,1,0
BRDA:31821,2254,0,0
BRDA:31821,2254,1,0
BRDA:31821,2255,0,0
BRDA:31821,2255,1,0
BRDA:31842,2256,0,0
BRDA:31842,2256,1,0
BRDA:31842,2257,0,0
BRDA:31842,2257,1,0
BRDA:31890,2258,0,0
BRDA:31890,2258,1,0
BRDA:31960,2259,0,0
BRDA:31960,2259,1,0
BRDA:31964,2260,0,0
BRDA:31964,2260,1,0
BRDA:31971,2261,0,0
BRDA:31971,2261,1,0
BRDA:31986,2262,0,0
BRDA:31986,2262,1,0
BRDA:31988,2263,0,0
BRDA:31988,2263,1,0
BRDA:32002,2264,0,0
BRDA:32002,2264,1,0
BRDA:32004,2265,0,0
BRDA:32004,2265,1,0
BRDA:32008,2266,0,0
BRDA:32008,2266,1,0
BRDA:32014,2267,0,0
BRDA:32014,2267,1,0
BRDA:32014,2268,0,0
BRDA:32014,2268,1,0
BRDA:32017,2269,0,0
BRDA:32017,2269,1,0
BRDA:32029,2270,0,0
BRDA:32029,2270,1,0
BRDA:32032,2271,0,0
BRDA:32032,2271,1,0
BRDA:32036,2272,0,0
BRDA:32036,2272,1,0
BRDA:32046,2273,0,0
BRDA:32046,2273,1,0
BRDA:32047,2274,0,0
BRDA:32047,2274,1,0
BRDA:32049,2275,0,0
BRDA:32049,2275,1,0
BRDA:32067,2276,0,0
BRDA:32067,2276,1,0
BRDA:32077,2277,0,0
BRDA:32077,2277,1,0
BRDA:32082,2278,0,0
BRDA:32082,2278,1,0
BRDA:32086,2279,0,0
BRDA:32086,2279,1,0
BRDA:32093,2280,0,0
BRDA:32093,2280,1,0
BRDA:32101,2281,0,0
BRDA:32101,2281,1,0
BRDA:32116,2282,0,0
BRDA:32116,2282,1,0
BRDA:32116,2283,0,0
BRDA:32116,2283,1,0
BRDA:32121,2284,0,0
BRDA:32121,2284,1,0
BRDA:32130,2285,0,0
BRDA:32130,2285,1,0
BRDA:32137,2286,0,0
BRDA:32137,2286,1,0
BRDA:32137,2287,0,0
BRDA:32137,2287,1,0
BRDA:32141,2288,0,0
BRDA:32141,2288,1,0
BRDA:32146,2289,0,0
BRDA:32146,2289,1,0
BRDA:32151,2290,0,0
BRDA:32151,2290,1,0
BRDA:32151,2291,0,0
BRDA:32151,2291,1,0
BRDA:32166,2292,0,0
BRDA:32166,2292,1,0
BRDA:32166,2293,0,0
BRDA:32166,2293,1,0
BRDA:32166,2293,2,0
BRDA:32167,2294,0,0
BRDA:32167,2294,1,0
BRDA:32183,2295,0,0
BRDA:32183,2295,1,0
BRDA:32183,2296,0,0
BRDA:32183,2296,1,0
BRDA:32183,2296,2,0
BRDA:32183,2296,3,0
BRDA:32467,2297,0,0
BRDA:32467,2297,1,0
BRDA:32489,2298,0,0
BRDA:32489,2298,1,0
BRDA:32496,2299,0,0
BRDA:32496,2299,1,0
BRDA:32496,2300,0,0
BRDA:32496,2300,1,0
BRDA:32498,2301,0,0
BRDA:32498,2301,1,0
BRDA:32508,2302,0,0
BRDA:32508,2302,1,0
BRDA:32516,2303,0,0
BRDA:32516,2303,1,0
BRDA:32516,2304,0,0
BRDA:32516,2304,1,0
BRDA:32526,2305,0,0
BRDA:32526,2305,1,0
BRDA:32535,2306,0,0
BRDA:32535,2306,1,0
BRDA:32561,2307,0,0
BRDA:32561,2307,1,0
BRDA:32563,2308,0,0
BRDA:32563,2308,1,0
BRDA:32570,2309,0,0
BRDA:32570,2309,1,0
BRDA:32580,2310,0,0
BRDA:32580,2310,1,0
BRDA:32583,2311,0,0
BRDA:32583,2311,1,0
BRDA:32655,2312,0,0
BRDA:32655,2312,1,0
BRDA:32659,2313,0,0
BRDA:32659,2313,1,0
BRDA:32749,2314,0,0
BRDA:32749,2314,1,0
BRDA:32751,2315,0,0
BRDA:32751,2315,1,0
BRDA:32753,2316,0,0
BRDA:32753,2316,1,0
BRDA:32753,2317,0,0
BRDA:32753,2317,1,0
BRDA:32757,2318,0,0
BRDA:32757,2318,1,0
BRDA:32757,2319,0,0
BRDA:32757,2319,1,0
BRDA:32763,2320,0,0
BRDA:32763,2320,1,0
BRDA:32769,2321,0,0
BRDA:32769,2321,1,0
BRDA:32769,2321,2,0
BRDA:32846,2322,0,0
BRDA:32846,2322,1,0
BRDA:32851,2323,0,0
BRDA:32851,2323,1,0
BRDA:32855,2324,0,0
BRDA:32855,2324,1,0
BRDA:32855,2324,2,0
BRDA:32930,2325,0,0
BRDA:32930,2325,1,0
BRDA:32934,2326,0,0
BRDA:32934,2326,1,0
BRDA:32938,2327,0,0
BRDA:32938,2327,1,0
BRDA:32944,2328,0,1
BRDA:32944,2328,1,0
BRDA:32946,2329,0,1
BRDA:32946,2329,1,0
BRDA:32963,2330,0,0
BRDA:32963,2330,1,0
BRDA:32969,2331,0,0
BRDA:32969,2331,1,0
BRDA:33097,2332,0,0
BRDA:33097,2332,1,0
BRDA:33097,2333,0,0
BRDA:33097,2333,1,0
BRDA:33107,2334,0,1
BRDA:33107,2334,1,1
BRDA:33226,2335,0,0
BRDA:33226,2335,1,0
BRDA:33226,2336,0,0
BRDA:33226,2336,1,0
BRDA:33313,2337,0,0
BRDA:33313,2337,1,0
BRDA:33316,2338,0,0
BRDA:33316,2338,1,0
BRDA:33322,2339,0,0
BRDA:33322,2339,1,0
BRDA:33328,2340,0,0
BRDA:33328,2340,1,0
BRDA:33331,2341,0,0
BRDA:33331,2341,1,0
BRDA:33394,2342,0,0
BRDA:33394,2342,1,0
BRDA:33402,2343,0,0
BRDA:33402,2343,1,0
BRDA:33480,2344,0,0
BRDA:33480,2344,1,0
BRDA:33480,2344,2,0
BRDA:33480,2344,3,0
BRDA:33485,2345,0,0
BRDA:33485,2345,1,0
BRDA:33489,2346,0,0
BRDA:33489,2346,1,0
BRDA:33491,2347,0,0
BRDA:33491,2347,1,0
BRDA:33500,2348,0,0
BRDA:33500,2348,1,0
BRDA:33507,2349,0,0
BRDA:33507,2349,1,0
BRDA:33507,2350,0,0
BRDA:33507,2350,1,0
BRDA:33507,2351,0,0
BRDA:33507,2351,1,0
BRDA:34010,2352,0,0
BRDA:34010,2352,1,0
BRDA:34017,2353,0,0
BRDA:34017,2353,1,0
BRDA:34020,2354,0,0
BRDA:34020,2354,1,0
BRDA:34020,2355,0,0
BRDA:34020,2355,1,0
BRDA:34020,2355,2,0
BRDA:34033,2356,0,0
BRDA:34033,2356,1,0
BRDA:34035,2357,0,0
BRDA:34035,2357,1,0
BRDA:34036,2358,0,0
BRDA:34036,2358,1,0
BRDA:34036,2359,0,0
BRDA:34036,2359,1,0
BRDA:34037,2360,0,0
BRDA:34037,2360,1,0
BRDA:34048,2361,0,0
BRDA:34048,2361,1,0
BRDA:34058,2362,0,0
BRDA:34058,2362,1,0
BRDA:34059,2363,0,0
BRDA:34059,2363,1,0
BRDA:34071,2364,0,0
BRDA:34071,2364,1,0
BRDA:34072,2365,0,0
BRDA:34072,2365,1,0
BRDA:34089,2366,0,0
BRDA:34089,2366,1,0
BRDA:34090,2367,0,0
BRDA:34090,2367,1,0
BRDA:34090,2368,0,0
BRDA:34090,2368,1,0
BRDA:34090,2368,2,0
BRDA:34101,2369,0,0
BRDA:34101,2369,1,0
BRDA:34114,2370,0,0
BRDA:34114,2370,1,0
BRDA:34117,2371,0,0
BRDA:34117,2371,1,0
BRDA:34117,2372,0,0
BRDA:34117,2372,1,0
BRDA:34130,2373,0,0
BRDA:34130,2373,1,0
BRDA:34130,2373,2,0
BRDA:34130,2373,3,0
BRDA:34130,2373,4,0
BRDA:34130,2373,5,0
BRDA:34137,2374,0,0
BRDA:34137,2374,1,0
BRDA:34138,2375,0,0
BRDA:34138,2375,1,0
BRDA:34155,2376,0,0
BRDA:34155,2376,1,0
BRDA:34156,2377,0,0
BRDA:34156,2377,1,0
BRDA:34167,2378,0,0
BRDA:34167,2378,1,0
BRDA:34167,2379,0,0
BRDA:34167,2379,1,0
BRDA:34169,2380,0,0
BRDA:34169,2380,1,0
BRDA:34169,2380,2,0
BRDA:34171,2381,0,0
BRDA:34171,2381,1,0
BRDA:34171,2381,2,0
BRDA:34179,2382,0,0
BRDA:34179,2382,1,0
BRDA:34179,2382,2,0
BRDA:34179,2382,3,0
BRDA:34179,2382,4,0
BRDA:34191,2383,0,0
BRDA:34191,2383,1,0
BRDA:34191,2384,0,0
BRDA:34191,2384,1,0
BRDA:34195,2385,0,0
BRDA:34195,2385,1,0
BRDA:34200,2386,0,0
BRDA:34200,2386,1,0
BRDA:34202,2387,0,0
BRDA:34202,2387,1,0
BRDA:34208,2388,0,0
BRDA:34208,2388,1,0
BRDA:34210,2389,0,0
BRDA:34210,2389,1,0
BRDA:34213,2390,0,0
BRDA:34213,2390,1,0
BRDA:34214,2391,0,0
BRDA:34214,2391,1,0
BRDA:34216,2392,0,0
BRDA:34216,2392,1,0
BRDA:34219,2393,0,0
BRDA:34219,2393,1,0
BRDA:34241,2394,0,0
BRDA:34241,2394,1,0
BRDA:34241,2395,0,0
BRDA:34241,2395,1,0
BRDA:34251,2396,0,0
BRDA:34251,2396,1,0
BRDA:34254,2397,0,0
BRDA:34254,2397,1,0
BRDA:34254,2398,0,0
BRDA:34254,2398,1,0
BRDA:34256,2399,0,0
BRDA:34256,2399,1,0
BRDA:34257,2400,0,0
BRDA:34257,2400,1,0
BRDA:34262,2401,0,0
BRDA:34262,2401,1,0
BRDA:34262,2402,0,0
BRDA:34262,2402,1,0
BRDA:34268,2403,0,0
BRDA:34268,2403,1,0
BRDA:34274,2404,0,0
BRDA:34274,2404,1,0
BRDA:34290,2405,0,0
BRDA:34290,2405,1,0
BRDA:34294,2406,0,0
BRDA:34294,2406,1,0
BRDA:34341,2407,0,0
BRDA:34341,2407,1,0
BRDA:34342,2408,0,0
BRDA:34342,2408,1,0
BRDA:34347,2409,0,0
BRDA:34347,2409,1,0
BRDA:34348,2410,0,0
BRDA:34348,2410,1,0
BRDA:34351,2411,0,0
BRDA:34351,2411,1,0
BRDA:34351,2412,0,0
BRDA:34351,2412,1,0
BRDA:34357,2413,0,0
BRDA:34357,2413,1,0
BRDA:34563,2414,0,0
BRDA:34563,2414,1,0
BRDA:34566,2415,0,0
BRDA:34566,2415,1,0
BRDA:34571,2416,0,0
BRDA:34571,2416,1,0
BRDA:34575,2417,0,0
BRDA:34575,2417,1,0
BRDA:34576,2418,0,0
BRDA:34576,2418,1,0
BRDA:34622,2419,0,0
BRDA:34622,2419,1,0
BRDA:34622,2420,0,0
BRDA:34622,2420,1,0
BRDA:34623,2421,0,0
BRDA:34623,2421,1,0
BRDA:34623,2422,0,0
BRDA:34623,2422,1,0
BRDA:34625,2423,0,0
BRDA:34625,2423,1,0
BRDA:34627,2424,0,0
BRDA:34627,2424,1,0
BRDA:34629,2425,0,0
BRDA:34629,2425,1,0
BRDA:34630,2426,0,0
BRDA:34630,2426,1,0
BRDA:34630,2426,2,0
BRDA:34631,2427,0,0
BRDA:34631,2427,1,0
BRDA:34633,2428,0,0
BRDA:34633,2428,1,0
BRDA:34637,2429,0,0
BRDA:34637,2429,1,0
BRDA:34654,2430,0,0
BRDA:34654,2430,1,0
BRDA:34694,2431,0,0
BRDA:34694,2431,1,0
BRDA:34941,2432,0,0
BRDA:34941,2432,1,0
BRDA:34959,2433,0,0
BRDA:34959,2433,1,0
BRDA:34959,2434,0,0
BRDA:34959,2434,1,0
BRDA:34992,2435,0,0
BRDA:34992,2435,1,0
BRDA:34995,2436,0,0
BRDA:34995,2436,1,0
BRDA:35002,2437,0,0
BRDA:35002,2437,1,0
BRDA:35002,2438,0,0
BRDA:35002,2438,1,0
BRDA:35013,2439,0,0
BRDA:35013,2439,1,0
BRDA:35013,2439,2,0
BRDA:35013,2439,3,0
BRDA:35013,2439,4,0
BRDA:35013,2439,5,0
BRDA:35017,2440,0,0
BRDA:35017,2440,1,0
BRDA:35017,2441,0,0
BRDA:35017,2441,1,0
BRDA:35017,2441,2,0
BRDA:35018,2442,0,0
BRDA:35018,2442,1,0
BRDA:35019,2443,0,0
BRDA:35019,2443,1,0
BRDA:35030,2444,0,0
BRDA:35030,2444,1,0
BRDA:35034,2445,0,0
BRDA:35034,2445,1,0
BRDA:35034,2446,0,0
BRDA:35034,2446,1,0
BRDA:35044,2447,0,0
BRDA:35044,2447,1,0
BRDA:35048,2448,0,0
BRDA:35048,2448,1,0
BRDA:35049,2449,0,0
BRDA:35049,2449,1,0
BRDA:35057,2450,0,0
BRDA:35057,2450,1,0
BRDA:35070,2451,0,0
BRDA:35070,2451,1,0
BRDA:35071,2452,0,0
BRDA:35071,2452,1,0
BRDA:35072,2453,0,0
BRDA:35072,2453,1,0
BRDA:35081,2454,0,0
BRDA:35081,2454,1,0
BRDA:35086,2455,0,0
BRDA:35086,2455,1,0
BRDA:35090,2456,0,0
BRDA:35090,2456,1,0
BRDA:35106,2457,0,0
BRDA:35106,2457,1,0
BRDA:35108,2458,0,0
BRDA:35108,2458,1,0
BRDA:35112,2459,0,0
BRDA:35112,2459,1,0
BRDA:35124,2460,0,0
BRDA:35124,2460,1,0
BRDA:35135,2461,0,0
BRDA:35135,2461,1,0
BRDA:35138,2462,0,0
BRDA:35138,2462,1,0
BRDA:35143,2463,0,0
BRDA:35143,2463,1,0
BRDA:35152,2464,0,0
BRDA:35152,2464,1,0
BRDA:35153,2465,0,0
BRDA:35153,2465,1,0
BRDA:35156,2466,0,0
BRDA:35156,2466,1,0
BRDA:35157,2467,0,0
BRDA:35157,2467,1,0
BRDA:35160,2468,0,0
BRDA:35160,2468,1,0
BRDA:35175,2469,0,0
BRDA:35175,2469,1,0
BRDA:35175,2470,0,0
BRDA:35175,2470,1,0
BRDA:35183,2471,0,0
BRDA:35183,2471,1,0
BRDA:35183,2471,2,0
BRDA:35191,2472,0,0
BRDA:35191,2472,1,0
BRDA:35192,2473,0,0
BRDA:35192,2473,1,0
BRDA:35198,2474,0,0
BRDA:35198,2474,1,0
BRDA:35209,2475,0,0
BRDA:35209,2475,1,0
BRDA:35446,2476,0,0
BRDA:35446,2476,1,0
BRDA:35452,2477,0,0
BRDA:35452,2477,1,0
BRDA:35457,2478,0,0
BRDA:35457,2478,1,0
BRDA:35461,2479,0,0
BRDA:35461,2479,1,0
BRDA:35464,2480,0,0
BRDA:35464,2480,1,0
BRDA:35471,2481,0,0
BRDA:35471,2481,1,0
BRDA:35472,2482,0,0
BRDA:35472,2482,1,0
BRDA:35474,2483,0,0
BRDA:35474,2483,1,0
BRDA:35485,2484,0,0
BRDA:35485,2484,1,0
BRDA:35486,2485,0,0
BRDA:35486,2485,1,0
BRDA:35486,2486,0,0
BRDA:35486,2486,1,0
BRDA:35486,2486,2,0
BRDA:35486,2486,3,0
BRDA:35524,2487,0,0
BRDA:35524,2487,1,0
BRDA:35527,2488,0,0
BRDA:35527,2488,1,0
BRDA:35533,2489,0,0
BRDA:35533,2489,1,0
BRF:5247
BRH:57
end_of_record
